<?xml version="1.0" encoding="UTF-8"?>
<testsuite xmlns:xsi="http://www.w3.org/2001/XMLSchema-instance" xsi:noNamespaceSchemaLocation="https://maven.apache.org/surefire/maven-surefire-plugin/xsd/surefire-test-report.xsd" version="3.0.2" name="com.gradge.erp.tenant.BosEventAndOnboardingIntegrationTest" time="10.549" tests="2" errors="0" skipped="0" failures="0">
  <properties>
[...]
</properties>
  <testcase name="testEmployeeLifecycleAndSecureOnboarding" classname="com.gradge.erp.tenant.BosEventAndOnboardingIntegrationTest" time="0.634">
    <system-out><![CDATA[12:23:53.945 [main] INFO org.springframework.test.context.support.AnnotationConfigContextLoaderUtils -- Could not detect default configuration classes for test class [com.gradge.erp.tenant.BosEventAndOnboardingIntegrationTest]: BosEventAndOnboardingIntegrationTest does not declare any static, non-private, non-final, nested classes annotated with @Configuration.
12:23:54.066 [main] INFO org.springframework.boot.test.context.SpringBootTestContextBootstrapper -- Found @SpringBootConfiguration com.gradge.erp.ErpApplication for test class com.gradge.erp.tenant.BosEventAndOnboardingIntegrationTest

  .   ____          _            __ _ _
 /\\ / ___'_ __ _ _(_)_ __  __ _ \ \ \ \
( ( )\___ | '_ | '_| | '_ \/ _` | \ \ \ \
 \\/  ___)| |_)| | | | | || (_| |  ) ) ) )
  '  |____| .__|_| |_|_| |_\__, | / / / /
 =========|_|==============|___/=/_/_/_/

 :: Spring Boot ::                (v3.5.0)

2026-06-23T12:23:54.382+05:30  INFO 17764 --- [           main] e.t.BosEventAndOnboardingIntegrationTest : Starting BosEventAndOnboardingIntegrationTest using Java 25.0.2 with PID 17764 (started by Vishwa in C:\Users\Vishwa\OneDrive\Desktop\project)
2026-06-23T12:23:54.383+05:30  INFO 17764 --- [           main] e.t.BosEventAndOnboardingIntegrationTest : The following 1 profile is active: "test"
2026-06-23T12:23:55.228+05:30  INFO 17764 --- [           main] .s.d.r.c.RepositoryConfigurationDelegate : Bootstrapping Spring Data JPA repositories in DEFAULT mode.
2026-06-23T12:23:55.384+05:30  INFO 17764 --- [           main] .s.d.r.c.RepositoryConfigurationDelegate : Finished Spring Data repository scanning in 148 ms. Found 26 JPA repository interfaces.
2026-06-23T12:23:55.973+05:30  INFO 17764 --- [           main] o.hibernate.jpa.internal.util.LogHelper  : HHH000204: Processing PersistenceUnitInfo [name: default]
2026-06-23T12:23:56.035+05:30  INFO 17764 --- [           main] org.hibernate.Version                    : HHH000412: Hibernate ORM core version 6.6.15.Final
2026-06-23T12:23:56.075+05:30  INFO 17764 --- [           main] o.h.c.internal.RegionFactoryInitiator    : HHH000026: Second-level cache disabled
2026-06-23T12:23:56.310+05:30  INFO 17764 --- [           main] o.s.o.j.p.SpringPersistenceUnitInfo      : No LoadTimeWeaver setup: ignoring JPA class transformer
2026-06-23T12:23:56.329+05:30  INFO 17764 --- [           main] com.zaxxer.hikari.HikariDataSource       : HikariPool-1 - Starting...
2026-06-23T12:23:56.451+05:30  INFO 17764 --- [           main] com.zaxxer.hikari.pool.HikariPool        : HikariPool-1 - Added connection conn0: url=jdbc:h2:mem:testdb user=SA
2026-06-23T12:23:56.453+05:30  INFO 17764 --- [           main] com.zaxxer.hikari.HikariDataSource       : HikariPool-1 - Start completed.
2026-06-23T12:23:56.473+05:30  WARN 17764 --- [           main] org.hibernate.orm.deprecation            : HHH90000025: H2Dialect does not need to be specified explicitly using 'hibernate.dialect' (remove the property setting and it will be selected by default)
2026-06-23T12:23:56.488+05:30  INFO 17764 --- [           main] org.hibernate.orm.connections.pooling    : HHH10001005: Database info:
	Database JDBC URL [Connecting through datasource 'HikariDataSource (HikariPool-1)']
	Database driver: undefined/unknown
	Database version: 2.3.232
	Autocommit mode: undefined/unknown
	Isolation level: undefined/unknown
	Minimum pool size: undefined/unknown
	Maximum pool size: undefined/unknown
2026-06-23T12:23:57.500+05:30  INFO 17764 --- [           main] o.h.e.t.j.p.i.JtaPlatformInitiator       : HHH000489: No JTA platform available (set 'hibernate.transaction.jta.platform' to enable JTA platform integration)
Hibernate: drop table if exists accounts cascade 
Hibernate: drop table if exists audit_logs cascade 
Hibernate: drop table if exists billing_records cascade 
Hibernate: drop table if exists categories cascade 
Hibernate: drop table if exists customers cascade 
Hibernate: drop table if exists employees cascade 
Hibernate: drop table if exists expenses cascade 
Hibernate: drop table if exists file_objects cascade 
Hibernate: drop table if exists goods_received_notes cascade 
Hibernate: drop table if exists incomes cascade 
Hibernate: drop table if exists inspection_items cascade 
Hibernate: drop table if exists inspections cascade 
Hibernate: drop table if exists invoice_items cascade 
Hibernate: drop table if exists invoices cascade 
Hibernate: drop table if exists job_cards cascade 
Hibernate: drop table if exists journal_entries cascade 
Hibernate: drop table if exists payments cascade 
Hibernate: drop table if exists products cascade 
Hibernate: drop table if exists purchase_order_items cascade 
Hibernate: drop table if exists purchase_orders cascade 
Hibernate: drop table if exists refresh_tokens cascade 
Hibernate: drop table if exists stock cascade 
Hibernate: drop table if exists stock_movements cascade 
Hibernate: drop table if exists suppliers cascade 
Hibernate: drop table if exists tenant_modules cascade 
Hibernate: drop table if exists tenant_subscriptions cascade 
Hibernate: drop table if exists tenants cascade 
Hibernate: drop table if exists transaction_lines cascade 
Hibernate: drop table if exists users cascade 
Hibernate: drop table if exists vehicles cascade 
Hibernate: create table accounts (balance numeric(38,2) not null, is_deleted boolean, created_at timestamp(6), updated_at timestamp(6), version bigint, created_by uuid, id uuid not null, tenant_id uuid, updated_by uuid, code varchar(255) not null, name varchar(255) not null, type enum ('ASSET','EQUITY','EXPENSE','LIABILITY','REVENUE') not null, primary key (id), constraint uc_account_code_tenant unique (code, tenant_id))
Hibernate: create table audit_logs (timestamp timestamp(6) not null, id uuid not null, tenant_id uuid not null, action varchar(255) not null, entity_id varchar(255), entity_name varchar(255), payload TEXT, username varchar(255), primary key (id))
Hibernate: create table billing_records (amount float(53), created_at timestamp(6), paid_at timestamp(6), id uuid not null, tenant_id uuid, currency varchar(255), payment_method varchar(255), payment_status varchar(255), transaction_ref varchar(255), plan_type enum ('ENTERPRISE','FREE','PRO','STARTER'), primary key (id))
Hibernate: create table categories (is_deleted boolean, created_at timestamp(6), updated_at timestamp(6), version bigint, created_by uuid, id uuid not null, tenant_id uuid, updated_by uuid, description varchar(255), name varchar(255) not null, primary key (id))
Hibernate: create table customers (is_deleted boolean, total_spent float(53), visit_count integer, created_at timestamp(6), updated_at timestamp(6), version bigint, branch_id uuid, created_by uuid, id uuid not null, tenant_id uuid, updated_by uuid, address varchar(255), email varchar(255), name varchar(255) not null, nic varchar(255), phone varchar(255) not null, primary key (id))
Hibernate: create table employees (is_deleted boolean, activation_token_expiry timestamp(6), created_at timestamp(6), updated_at timestamp(6), version bigint, created_by uuid, id uuid not null, tenant_id uuid, updated_by uuid, activation_token varchar(255), department varchar(255), email varchar(255) not null, name varchar(255) not null, role enum ('ACCOUNTANT','ADMIN','CASHIER','HR_OFFICER','MANAGER','OWNER','STORE_KEEPER','SUPER_ADMIN') not null, status enum ('APPROVED','PENDING_APPROVAL','REJECTED') not null, primary key (id))
Hibernate: create table expenses (amount numeric(38,2) not null, date date not null, is_deleted boolean, created_at timestamp(6), updated_at timestamp(6), version bigint, created_by uuid, id uuid not null, tenant_id uuid, updated_by uuid, category varchar(255) not null, description varchar(255) not null, reference varchar(255), primary key (id))
Hibernate: create table file_objects (file_size bigint, uploaded_at timestamp(6), id uuid not null, reference_id uuid, tenant_id uuid, file_name varchar(255), file_type varchar(255), file_url varchar(255), module varchar(255), storage_key varchar(255), primary key (id))
Hibernate: create table goods_received_notes (is_deleted boolean, quantity_received float(53) not null, received_date date, stock_updated boolean not null, created_at timestamp(6), updated_at timestamp(6), version bigint, created_by uuid, id uuid not null, product_id uuid not null, purchase_order_id uuid not null, tenant_id uuid, updated_by uuid, grn_number varchar(255) not null unique, notes varchar(255), primary key (id))
Hibernate: create table incomes (amount numeric(38,2) not null, date date not null, is_deleted boolean, created_at timestamp(6), updated_at timestamp(6), version bigint, created_by uuid, id uuid not null, tenant_id uuid, updated_by uuid, category varchar(255) not null, description varchar(255) not null, reference varchar(255), primary key (id))
Hibernate: create table inspection_items (is_checked boolean, id uuid not null, inspection_id uuid not null, item_name varchar(255) not null, remarks TEXT, primary key (id))
Hibernate: create table inspections (estimated_cost float(53), is_deleted boolean, created_at timestamp(6), updated_at timestamp(6), branch_id uuid, id uuid not null, job_card_id uuid not null, tenant_id uuid not null, overall_notes TEXT, status enum ('APPROVED','COMPLETED','IN_PROGRESS','PENDING','REJECTED'), primary key (id))
Hibernate: create table invoice_items (is_deleted boolean, quantity integer not null, unit_price numeric(38,2), created_at timestamp(6), updated_at timestamp(6), version bigint, created_by uuid, id uuid not null, invoice_id uuid, tenant_id uuid, updated_by uuid, product_name varchar(255), primary key (id))
Hibernate: create table invoices (balance numeric(38,2), discount numeric(38,2), is_deleted boolean, paid_amount numeric(38,2) not null, sub_total numeric(38,2), tax numeric(38,2), total numeric(38,2), created_at timestamp(6), updated_at timestamp(6), version bigint, created_by uuid, customer_id uuid, id uuid not null, job_card_id uuid unique, tenant_id uuid, updated_by uuid, invoice_number varchar(255), status enum ('CANCELLED','CONFIRMED','DRAFT','PAID','PARTIALLY_PAID'), primary key (id))
Hibernate: create table job_cards (invoice_generated boolean not null, is_deleted boolean, labor_cost float(53), parts_cost float(53), total_cost float(53), created_at timestamp(6), updated_at timestamp(6), version bigint, branch_id uuid, created_by uuid, customer_id uuid, id uuid not null, tenant_id uuid, updated_by uuid, job_number varchar(255) not null unique, vehicle_number varchar(255), status enum ('ASSIGNED','CANCELLED','COMPLETED','CREATED','INVOICED','IN_PROGRESS','ON_HOLD'), primary key (id))
Hibernate: create table journal_entries (entry_date date not null, is_deleted boolean, created_at timestamp(6), updated_at timestamp(6), version bigint, created_by uuid, id uuid not null, tenant_id uuid, updated_by uuid, description varchar(255) not null, reference_number varchar(255), primary key (id))
Hibernate: create table payments (amount numeric(38,2), is_deleted boolean, created_at timestamp(6), updated_at timestamp(6), version bigint, created_by uuid, id uuid not null, invoice_id uuid, tenant_id uuid, updated_by uuid, method enum ('CARD','CASH','MOBILE_PAYMENT','ONLINE_TRANSFER'), primary key (id))
Hibernate: create table products (cost_price float(53), is_deleted boolean, quantity integer, reorder_level integer, selling_price float(53), created_at timestamp(6), updated_at timestamp(6), version bigint, category_id uuid, created_by uuid, id uuid not null, tenant_id uuid, updated_by uuid, barcode varchar(255), name varchar(255) not null, sku varchar(255), primary key (id))
Hibernate: create table purchase_order_items (quantity float(53) not null, total_cost numeric(38,2), unit_cost numeric(38,2), id uuid not null, product_id uuid not null, purchase_order_id uuid not null, primary key (id))
Hibernate: create table purchase_orders (is_deleted boolean, total_amount numeric(38,2), created_at timestamp(6), updated_at timestamp(6), version bigint, created_by uuid, id uuid not null, supplier_id uuid not null, tenant_id uuid, updated_by uuid, notes varchar(255), po_number varchar(255) not null unique, status enum ('CANCELLED','DRAFT','RECEIVED','SUBMITTED'), primary key (id))
Hibernate: create table refresh_tokens (expiry_date timestamp(6) with time zone not null, id uuid not null, tenant_id uuid, user_id uuid not null, token varchar(255) not null unique, primary key (id))
Hibernate: create table stock (quantity float(53), id uuid not null, product_id uuid, tenant_id uuid not null, primary key (id))
Hibernate: create table stock_movements (quantity float(53), created_at timestamp(6), id uuid not null, product_id uuid, tenant_id uuid not null, reference varchar(255), type enum ('ADJUSTMENT','IN','OUT'), primary key (id))
Hibernate: create table suppliers (is_deleted boolean, created_at timestamp(6), updated_at timestamp(6), version bigint, created_by uuid, id uuid not null, tenant_id uuid, updated_by uuid, address varchar(255), contact_name varchar(255), email varchar(255), name varchar(255) not null, phone varchar(255), tax_number varchar(255), primary key (id))
Hibernate: create table tenant_modules (tenant_id uuid not null, module_key enum ('ACCOUNTING','CRM','HRM','INVENTORY','POS'))
Hibernate: create table tenant_subscriptions (active boolean not null, end_date date, start_date date, id uuid not null, tenant_id uuid unique, plan_type enum ('ENTERPRISE','FREE','PRO','STARTER'), primary key (id))
Hibernate: create table tenants (id uuid not null, industry varchar(255), name varchar(255) not null unique, primary key (id))
Hibernate: create table transaction_lines (amount numeric(38,2) not null, is_debit boolean not null, is_deleted boolean, created_at timestamp(6), updated_at timestamp(6), version bigint, account_id uuid not null, created_by uuid, id uuid not null, journal_entry_id uuid not null, tenant_id uuid, updated_by uuid, primary key (id))
Hibernate: create table users (active boolean not null, is_deleted boolean, created_at timestamp(6), updated_at timestamp(6), version bigint, created_by uuid, id uuid not null, tenant_id uuid, updated_by uuid, email varchar(255), password varchar(255) not null, username varchar(255) not null, role enum ('ACCOUNTANT','ADMIN','CASHIER','HR_OFFICER','MANAGER','OWNER','STORE_KEEPER','SUPER_ADMIN') not null, primary key (id), constraint uc_user_username_tenant unique (username, tenant_id))
Hibernate: create table vehicles (is_deleted boolean, last_service_date date, mileage integer, next_service_due date, year_of_manufacture integer, created_at timestamp(6), updated_at timestamp(6), version bigint, branch_id uuid, created_by uuid, customer_id uuid not null, id uuid not null, tenant_id uuid, updated_by uuid, brand varchar(255), chassis_number varchar(255), color varchar(255), engine_number varchar(255), fuel_type varchar(255), model varchar(255), vehicle_number varchar(255) not null, primary key (id))
Hibernate: create index idx_account_tenant on accounts (tenant_id)
Hibernate: create index idx_account_code on accounts (code)
Hibernate: create index idx_audit_log_tenant on audit_logs (tenant_id)
Hibernate: create index idx_audit_log_action on audit_logs (action)
Hibernate: create index idx_category_tenant on categories (tenant_id)
Hibernate: create index idx_customer_tenant on customers (tenant_id)
Hibernate: create index idx_customer_phone on customers (phone)
Hibernate: create index idx_expense_tenant on expenses (tenant_id)
Hibernate: create index idx_expense_date on expenses (date)
Hibernate: create index idx_grn_tenant on goods_received_notes (tenant_id)
Hibernate: create index idx_income_tenant on incomes (tenant_id)
Hibernate: create index idx_income_date on incomes (date)
Hibernate: create index idx_inspection_item_inspection on inspection_items (inspection_id)
Hibernate: create index idx_inspection_tenant on inspections (tenant_id)
Hibernate: create index idx_inspection_jobcard on inspections (job_card_id)
Hibernate: create index idx_journal_tenant on journal_entries (tenant_id)
Hibernate: create index idx_journal_date on journal_entries (entry_date)
Hibernate: create index idx_product_tenant on products (tenant_id)
Hibernate: create index idx_po_tenant on purchase_orders (tenant_id)
Hibernate: create index idx_refresh_token_val on refresh_tokens (token)
Hibernate: create index idx_refresh_token_tenant on refresh_tokens (tenant_id)
Hibernate: create index idx_stock_product on stock (product_id)
Hibernate: create index idx_stock_tenant on stock (tenant_id)
Hibernate: create index idx_supplier_tenant on suppliers (tenant_id)
Hibernate: create index idx_tx_line_tenant on transaction_lines (tenant_id)
Hibernate: create index idx_user_tenant on users (tenant_id)
Hibernate: create index idx_vehicle_tenant on vehicles (tenant_id)
Hibernate: create index idx_vehicle_number on vehicles (vehicle_number)
Hibernate: alter table if exists accounts add constraint FKsw0lwjbtx192vq7wt1i90hoj foreign key (tenant_id) references tenants
Hibernate: alter table if exists billing_records add constraint FKchh0bp4h5n94c1ykwhc64p3mq foreign key (tenant_id) references tenants
Hibernate: alter table if exists customers add constraint FKpd6k5i4wnbhgk8fwug35v2x5t foreign key (tenant_id) references tenants
Hibernate: alter table if exists expenses add constraint FKc47ahibpjdro481tf5l4o6wpd foreign key (tenant_id) references tenants
Hibernate: alter table if exists file_objects add constraint FKlrrbokirjusoqhyqnbriws0dx foreign key (tenant_id) references tenants
Hibernate: alter table if exists goods_received_notes add constraint FK7goex26oj6qofvqap9cns6g2w foreign key (purchase_order_id) references purchase_orders
Hibernate: alter table if exists incomes add constraint FKqk2imwprsm3480hn7t6abwcu5 foreign key (tenant_id) references tenants
Hibernate: alter table if exists inspection_items add constraint FKbiylq4jesyn83m2tjjbu9ggmw foreign key (inspection_id) references inspections
Hibernate: alter table if exists inspections add constraint FKgak9f663dg9tetp2abt7qoho4 foreign key (job_card_id) references job_cards
Hibernate: alter table if exists inspections add constraint FK7xqgujnsrllbrooscrmmy54da foreign key (tenant_id) references tenants
Hibernate: alter table if exists invoice_items add constraint FK46ae0lhu1oqs7cv91fn6y9n7w foreign key (invoice_id) references invoices
Hibernate: alter table if exists invoices add constraint FKq2w4hmh6l9othnp6cepp0cfe2 foreign key (customer_id) references customers
Hibernate: alter table if exists invoices add constraint FKejviw0km5oiju4theke9yiaub foreign key (job_card_id) references job_cards
Hibernate: alter table if exists invoices add constraint FKld79gsqsmww43uddpxajoxts0 foreign key (tenant_id) references tenants
Hibernate: alter table if exists job_cards add constraint FKnkj0wy82xb8dnyaoh9ay5rau2 foreign key (customer_id) references customers
Hibernate: alter table if exists job_cards add constraint FKj1oj1vq8hxai1pugf1yi55s3y foreign key (tenant_id) references tenants
Hibernate: alter table if exists journal_entries add constraint FKew2uk73f4kmslokeoe6a3tyvm foreign key (tenant_id) references tenants
Hibernate: alter table if exists payments add constraint FKrbqec6be74wab8iifh8g3i50i foreign key (invoice_id) references invoices
Hibernate: alter table if exists products add constraint FKog2rp4qthbtt2lfyhfo32lsw9 foreign key (category_id) references categories
Hibernate: alter table if exists products add constraint FKn8rwil6da3e23e0g04r5cw0mf foreign key (tenant_id) references tenants
Hibernate: alter table if exists purchase_order_items add constraint FKs16e5vrvsp8alu0xp8m3a2ol5 foreign key (product_id) references products
Hibernate: alter table if exists purchase_order_items add constraint FKo3yj8ocbw2kav38548t22hgh8 foreign key (purchase_order_id) references purchase_orders
Hibernate: alter table if exists purchase_orders add constraint FKrpdasmb8y8xs5tiy4369xpinq foreign key (supplier_id) references suppliers
Hibernate: alter table if exists refresh_tokens add constraint FK1lih5y2npsf8u5o3vhdb9y0os foreign key (user_id) references users
Hibernate: alter table if exists stock add constraint FKeuiihog7wq4cu7nvqu7jx57d2 foreign key (product_id) references products
Hibernate: alter table if exists stock add constraint FKbffcj88otpkhq3r3tfb72vahj foreign key (tenant_id) references tenants
Hibernate: alter table if exists stock_movements add constraint FKjcaag8ogfjxpwmqypi1wfdaog foreign key (product_id) references products
Hibernate: alter table if exists stock_movements add constraint FKrekfd4xttnb117vj5eudm3tvl foreign key (tenant_id) references tenants
Hibernate: alter table if exists tenant_modules add constraint FKdwmiswv7wrjahbvwhj2l0k6kk foreign key (tenant_id) references tenants
Hibernate: alter table if exists tenant_subscriptions add constraint FKbpmvmu3al4jtfo7sldlc5k4rh foreign key (tenant_id) references tenants
Hibernate: alter table if exists transaction_lines add constraint FKa611qmd59upm4n1mdfuffawie foreign key (account_id) references accounts
Hibernate: alter table if exists transaction_lines add constraint FK1g30eoq319q5s0g36bko5hghr foreign key (journal_entry_id) references journal_entries
Hibernate: alter table if exists vehicles add constraint FKjrosretvs9ih5ybhpsd5qskc3 foreign key (customer_id) references customers
Hibernate: alter table if exists vehicles add constraint FKeabr3pmwot4j2iqkvruw5hc7a foreign key (tenant_id) references tenants
2026-06-23T12:23:57.598+05:30  INFO 17764 --- [           main] j.LocalContainerEntityManagerFactoryBean : Initialized JPA EntityManagerFactory for persistence unit 'default'
2026-06-23T12:24:00.149+05:30  WARN 17764 --- [           main] JpaBaseConfiguration$JpaWebConfiguration : spring.jpa.open-in-view is enabled by default. Therefore, database queries may be performed during view rendering. Explicitly configure spring.jpa.open-in-view to disable this warning
2026-06-23T12:24:00.336+05:30  WARN 17764 --- [           main] .s.s.UserDetailsServiceAutoConfiguration : 

Using generated security password: 03d91255-6522-49f1-872b-ba0639a0c9a5

This generated password is for development use only. Your security configuration must be updated before running your application in production.

2026-06-23T12:24:00.343+05:30  INFO 17764 --- [           main] r$InitializeUserDetailsManagerConfigurer : Global AuthenticationManager configured with UserDetailsService bean with name inMemoryUserDetailsManager
2026-06-23T12:24:00.974+05:30  INFO 17764 --- [           main] o.s.b.t.m.w.SpringBootMockServletContext : Initializing Spring TestDispatcherServlet ''
2026-06-23T12:24:00.974+05:30  INFO 17764 --- [           main] o.s.t.web.servlet.TestDispatcherServlet  : Initializing Servlet ''
2026-06-23T12:24:00.975+05:30  INFO 17764 --- [           main] o.s.t.web.servlet.TestDispatcherServlet  : Completed initialization in 1 ms
2026-06-23T12:24:01.007+05:30  INFO 17764 --- [           main] o.s.m.s.b.SimpleBrokerMessageHandler     : Starting...
2026-06-23T12:24:01.008+05:30  INFO 17764 --- [           main] o.s.m.s.b.SimpleBrokerMessageHandler     : BrokerAvailabilityEvent[available=true, SimpleBrokerMessageHandler [org.springframework.messaging.simp.broker.DefaultSubscriptionRegistry@2db12c5b]]
2026-06-23T12:24:01.008+05:30  INFO 17764 --- [           main] o.s.m.s.b.SimpleBrokerMessageHandler     : Started.
2026-06-23T12:24:01.010+05:30  INFO 17764 --- [           main] o.s.a.r.c.CachingConnectionFactory       : Attempting to connect to: [localhost:5672]
2026-06-23T12:24:01.031+05:30  INFO 17764 --- [           main] o.s.a.r.l.SimpleMessageListenerContainer : Broker not available; cannot force queue declarations during start: java.net.ConnectException: Connection refused: getsockopt
2026-06-23T12:24:01.035+05:30  INFO 17764 --- [ntContainer#0-1] o.s.a.r.c.CachingConnectionFactory       : Attempting to connect to: [localhost:5672]
2026-06-23T12:24:01.037+05:30 ERROR 17764 --- [ntContainer#0-1] o.s.a.r.l.SimpleMessageListenerContainer : Failed to check/redeclare auto-delete queue(s).

org.springframework.amqp.AmqpConnectException: java.net.ConnectException: Connection refused: getsockopt
	at org.springframework.amqp.rabbit.support.RabbitExceptionTranslator.convertRabbitAccessException(RabbitExceptionTranslator.java:61) ~[spring-rabbit-3.2.5.jar:3.2.5]
	at org.springframework.amqp.rabbit.connection.AbstractConnectionFactory.createBareConnection(AbstractConnectionFactory.java:632) ~[spring-rabbit-3.2.5.jar:3.2.5]
	at org.springframework.amqp.rabbit.connection.CachingConnectionFactory.createConnection(CachingConnectionFactory.java:726) ~[spring-rabbit-3.2.5.jar:3.2.5]
	at org.springframework.amqp.rabbit.connection.ConnectionFactoryUtils.createConnection(ConnectionFactoryUtils.java:257) ~[spring-rabbit-3.2.5.jar:3.2.5]
	at org.springframework.amqp.rabbit.core.RabbitTemplate.doExecute(RabbitTemplate.java:2262) ~[spring-rabbit-3.2.5.jar:3.2.5]
	at org.springframework.amqp.rabbit.core.RabbitTemplate.execute(RabbitTemplate.java:2235) ~[spring-rabbit-3.2.5.jar:3.2.5]
	at org.springframework.amqp.rabbit.core.RabbitTemplate.execute(RabbitTemplate.java:2215) ~[spring-rabbit-3.2.5.jar:3.2.5]
	at org.springframework.amqp.rabbit.core.RabbitAdmin.getQueueInfo(RabbitAdmin.java:467) ~[spring-rabbit-3.2.5.jar:3.2.5]
	at org.springframework.amqp.rabbit.core.RabbitAdmin.getQueueProperties(RabbitAdmin.java:451) ~[spring-rabbit-3.2.5.jar:3.2.5]
	at org.springframework.amqp.rabbit.listener.AbstractMessageListenerContainer.attemptDeclarations(AbstractMessageListenerContainer.java:1972) ~[spring-rabbit-3.2.5.jar:3.2.5]
	at org.springframework.amqp.rabbit.listener.AbstractMessageListenerContainer.redeclareElementsIfNecessary(AbstractMessageListenerContainer.java:1936) ~[spring-rabbit-3.2.5.jar:3.2.5]
	at org.springframework.amqp.rabbit.listener.SimpleMessageListenerContainer$AsyncMessageProcessingConsumer.initialize(SimpleMessageListenerContainer.java:1481) ~[spring-rabbit-3.2.5.jar:3.2.5]
	at org.springframework.amqp.rabbit.listener.SimpleMessageListenerContainer$AsyncMessageProcessingConsumer.run(SimpleMessageListenerContainer.java:1322) ~[spring-rabbit-3.2.5.jar:3.2.5]
	at java.base/java.lang.Thread.run(Thread.java:1474) ~[na:na]
Caused by: java.net.ConnectException: Connection refused: getsockopt
	at java.base/sun.nio.ch.Net.pollConnect(Native Method) ~[na:na]
	at java.base/sun.nio.ch.Net.pollConnectNow(Net.java:639) ~[na:na]
	at java.base/sun.nio.ch.NioSocketImpl.timedFinishConnect(NioSocketImpl.java:543) ~[na:na]
	at java.base/sun.nio.ch.NioSocketImpl.connect(NioSocketImpl.java:594) ~[na:na]
	at java.base/java.net.SocksSocketImpl.connect(SocksSocketImpl.java:284) ~[na:na]
	at java.base/java.net.Socket.connect(Socket.java:659) ~[na:na]
	at com.rabbitmq.client.impl.SocketFrameHandlerFactory.create(SocketFrameHandlerFactory.java:61) ~[amqp-client-5.25.0.jar:5.25.0]
	at com.rabbitmq.client.ConnectionFactory.newConnection(ConnectionFactory.java:1249) ~[amqp-client-5.25.0.jar:5.25.0]
	at com.rabbitmq.client.ConnectionFactory.newConnection(ConnectionFactory.java:1198) ~[amqp-client-5.25.0.jar:5.25.0]
	at org.springframework.amqp.rabbit.connection.AbstractConnectionFactory.connectAddresses(AbstractConnectionFactory.java:678) ~[spring-rabbit-3.2.5.jar:3.2.5]
	at org.springframework.amqp.rabbit.connection.AbstractConnectionFactory.connect(AbstractConnectionFactory.java:647) ~[spring-rabbit-3.2.5.jar:3.2.5]
	at org.springframework.amqp.rabbit.connection.AbstractConnectionFactory.createBareConnection(AbstractConnectionFactory.java:593) ~[spring-rabbit-3.2.5.jar:3.2.5]
	... 12 common frames omitted

2026-06-23T12:24:01.039+05:30  INFO 17764 --- [ntContainer#0-1] o.s.a.r.c.CachingConnectionFactory       : Attempting to connect to: [localhost:5672]
2026-06-23T12:24:01.063+05:30  INFO 17764 --- [           main] o.s.a.r.c.CachingConnectionFactory       : Attempting to connect to: [localhost:5672]
2026-06-23T12:24:01.075+05:30  INFO 17764 --- [           main] o.s.a.r.l.SimpleMessageListenerContainer : Broker not available; cannot force queue declarations during start: java.net.ConnectException: Connection refused: getsockopt
2026-06-23T12:24:01.076+05:30  INFO 17764 --- [ntContainer#1-1] o.s.a.r.c.CachingConnectionFactory       : Attempting to connect to: [localhost:5672]
2026-06-23T12:24:01.086+05:30 ERROR 17764 --- [ntContainer#1-1] o.s.a.r.l.SimpleMessageListenerContainer : Failed to check/redeclare auto-delete queue(s).

org.springframework.amqp.AmqpConnectException: java.net.ConnectException: Connection refused: getsockopt
	at org.springframework.amqp.rabbit.support.RabbitExceptionTranslator.convertRabbitAccessException(RabbitExceptionTranslator.java:61) ~[spring-rabbit-3.2.5.jar:3.2.5]
	at org.springframework.amqp.rabbit.connection.AbstractConnectionFactory.createBareConnection(AbstractConnectionFactory.java:632) ~[spring-rabbit-3.2.5.jar:3.2.5]
	at org.springframework.amqp.rabbit.connection.CachingConnectionFactory.createConnection(CachingConnectionFactory.java:726) ~[spring-rabbit-3.2.5.jar:3.2.5]
	at org.springframework.amqp.rabbit.connection.ConnectionFactoryUtils.createConnection(ConnectionFactoryUtils.java:257) ~[spring-rabbit-3.2.5.jar:3.2.5]
	at org.springframework.amqp.rabbit.core.RabbitTemplate.doExecute(RabbitTemplate.java:2262) ~[spring-rabbit-3.2.5.jar:3.2.5]
	at org.springframework.amqp.rabbit.core.RabbitTemplate.execute(RabbitTemplate.java:2235) ~[spring-rabbit-3.2.5.jar:3.2.5]
	at org.springframework.amqp.rabbit.core.RabbitTemplate.execute(RabbitTemplate.java:2215) ~[spring-rabbit-3.2.5.jar:3.2.5]
	at org.springframework.amqp.rabbit.core.RabbitAdmin.getQueueInfo(RabbitAdmin.java:467) ~[spring-rabbit-3.2.5.jar:3.2.5]
	at org.springframework.amqp.rabbit.core.RabbitAdmin.getQueueProperties(RabbitAdmin.java:451) ~[spring-rabbit-3.2.5.jar:3.2.5]
	at org.springframework.amqp.rabbit.listener.AbstractMessageListenerContainer.attemptDeclarations(AbstractMessageListenerContainer.java:1972) ~[spring-rabbit-3.2.5.jar:3.2.5]
	at org.springframework.amqp.rabbit.listener.AbstractMessageListenerContainer.redeclareElementsIfNecessary(AbstractMessageListenerContainer.java:1936) ~[spring-rabbit-3.2.5.jar:3.2.5]
	at org.springframework.amqp.rabbit.listener.SimpleMessageListenerContainer$AsyncMessageProcessingConsumer.initialize(SimpleMessageListenerContainer.java:1481) ~[spring-rabbit-3.2.5.jar:3.2.5]
	at org.springframework.amqp.rabbit.listener.SimpleMessageListenerContainer$AsyncMessageProcessingConsumer.run(SimpleMessageListenerContainer.java:1322) ~[spring-rabbit-3.2.5.jar:3.2.5]
	at java.base/java.lang.Thread.run(Thread.java:1474) ~[na:na]
Caused by: java.net.ConnectException: Connection refused: getsockopt
	at java.base/sun.nio.ch.Net.pollConnect(Native Method) ~[na:na]
	at java.base/sun.nio.ch.Net.pollConnectNow(Net.java:639) ~[na:na]
	at java.base/sun.nio.ch.NioSocketImpl.timedFinishConnect(NioSocketImpl.java:543) ~[na:na]
	at java.base/sun.nio.ch.NioSocketImpl.connect(NioSocketImpl.java:594) ~[na:na]
	at java.base/java.net.SocksSocketImpl.connect(SocksSocketImpl.java:284) ~[na:na]
	at java.base/java.net.Socket.connect(Socket.java:659) ~[na:na]
	at com.rabbitmq.client.impl.SocketFrameHandlerFactory.create(SocketFrameHandlerFactory.java:61) ~[amqp-client-5.25.0.jar:5.25.0]
	at com.rabbitmq.client.ConnectionFactory.newConnection(ConnectionFactory.java:1249) ~[amqp-client-5.25.0.jar:5.25.0]
	at com.rabbitmq.client.ConnectionFactory.newConnection(ConnectionFactory.java:1198) ~[amqp-client-5.25.0.jar:5.25.0]
	at org.springframework.amqp.rabbit.connection.AbstractConnectionFactory.connectAddresses(AbstractConnectionFactory.java:678) ~[spring-rabbit-3.2.5.jar:3.2.5]
	at org.springframework.amqp.rabbit.connection.AbstractConnectionFactory.connect(AbstractConnectionFactory.java:647) ~[spring-rabbit-3.2.5.jar:3.2.5]
	at org.springframework.amqp.rabbit.connection.AbstractConnectionFactory.createBareConnection(AbstractConnectionFactory.java:593) ~[spring-rabbit-3.2.5.jar:3.2.5]
	... 12 common frames omitted

2026-06-23T12:24:01.087+05:30  INFO 17764 --- [ntContainer#1-1] o.s.a.r.c.CachingConnectionFactory       : Attempting to connect to: [localhost:5672]
2026-06-23T12:24:01.117+05:30  INFO 17764 --- [           main] e.t.BosEventAndOnboardingIntegrationTest : Started BosEventAndOnboardingIntegrationTest in 6.957 seconds (process running for 7.671)
Hibernate: select u1_0.id,u1_0.active,u1_0.created_at,u1_0.created_by,u1_0.is_deleted,u1_0.email,u1_0.password,u1_0.role,u1_0.tenant_id,u1_0.updated_at,u1_0.updated_by,u1_0.username,u1_0.version from users u1_0 where u1_0.username=?
Hibernate: insert into users (active,created_at,created_by,is_deleted,email,password,role,tenant_id,updated_at,updated_by,username,version,id) values (?,?,?,?,?,?,?,?,?,?,?,?,?)
Seeded default super admin user: superadmin / superadmin123
Hibernate: select rt1_0.id,rt1_0.expiry_date,rt1_0.tenant_id,rt1_0.token,rt1_0.user_id from refresh_tokens rt1_0
Hibernate: select e1_0.id,e1_0.activation_token,e1_0.activation_token_expiry,e1_0.created_at,e1_0.created_by,e1_0.is_deleted,e1_0.department,e1_0.email,e1_0.name,e1_0.role,e1_0.status,e1_0.tenant_id,e1_0.updated_at,e1_0.updated_by,e1_0.version from employees e1_0
Hibernate: select u1_0.id,u1_0.active,u1_0.created_at,u1_0.created_by,u1_0.is_deleted,u1_0.email,u1_0.password,u1_0.role,u1_0.tenant_id,u1_0.updated_at,u1_0.updated_by,u1_0.username,u1_0.version from users u1_0
Hibernate: select u1_0.id,u1_0.active,u1_0.created_at,u1_0.created_by,u1_0.is_deleted,u1_0.email,u1_0.password,u1_0.role,u1_0.tenant_id,u1_0.updated_at,u1_0.updated_by,u1_0.username,u1_0.version from users u1_0 where u1_0.username=?
Hibernate: select t1_0.id,t1_0.industry,t1_0.name from tenants t1_0 where t1_0.name=?
Hibernate: select u1_0.id,u1_0.active,u1_0.created_at,u1_0.created_by,u1_0.is_deleted,u1_0.email,u1_0.password,u1_0.role,u1_0.tenant_id,u1_0.updated_at,u1_0.updated_by,u1_0.username,u1_0.version from users u1_0 where u1_0.username=?
Hibernate: select a1_0.id,a1_0.balance,a1_0.code,a1_0.created_at,a1_0.created_by,a1_0.is_deleted,a1_0.name,a1_0.tenant_id,a1_0.type,a1_0.updated_at,a1_0.updated_by,a1_0.version from accounts a1_0 where a1_0.code=? and a1_0.tenant_id=? and not(a1_0.is_deleted)
Hibernate: insert into tenants (industry,name,id) values (?,?,?)
Hibernate: insert into tenant_subscriptions (active,end_date,plan_type,start_date,tenant_id,id) values (?,?,?,?,?,?)
Hibernate: insert into accounts (balance,code,created_at,created_by,is_deleted,name,tenant_id,type,updated_at,updated_by,version,id) values (?,?,?,?,?,?,?,?,?,?,?,?)
Hibernate: insert into tenant_modules (tenant_id,module_key) values (?,?)
Hibernate: insert into tenant_modules (tenant_id,module_key) values (?,?)
Hibernate: insert into tenant_modules (tenant_id,module_key) values (?,?)
Hibernate: select a1_0.id,a1_0.balance,a1_0.code,a1_0.created_at,a1_0.created_by,a1_0.is_deleted,a1_0.name,a1_0.tenant_id,a1_0.type,a1_0.updated_at,a1_0.updated_by,a1_0.version from accounts a1_0 where a1_0.code=? and a1_0.tenant_id=? and not(a1_0.is_deleted)
Hibernate: insert into accounts (balance,code,created_at,created_by,is_deleted,name,tenant_id,type,updated_at,updated_by,version,id) values (?,?,?,?,?,?,?,?,?,?,?,?)
Hibernate: select a1_0.id,a1_0.balance,a1_0.code,a1_0.created_at,a1_0.created_by,a1_0.is_deleted,a1_0.name,a1_0.tenant_id,a1_0.type,a1_0.updated_at,a1_0.updated_by,a1_0.version from accounts a1_0 where a1_0.code=? and a1_0.tenant_id=? and not(a1_0.is_deleted)
Hibernate: insert into accounts (balance,code,created_at,created_by,is_deleted,name,tenant_id,type,updated_at,updated_by,version,id) values (?,?,?,?,?,?,?,?,?,?,?,?)
Hibernate: select a1_0.id,a1_0.balance,a1_0.code,a1_0.created_at,a1_0.created_by,a1_0.is_deleted,a1_0.name,a1_0.tenant_id,a1_0.type,a1_0.updated_at,a1_0.updated_by,a1_0.version from accounts a1_0 where a1_0.code=? and a1_0.tenant_id=? and not(a1_0.is_deleted)
Hibernate: insert into accounts (balance,code,created_at,created_by,is_deleted,name,tenant_id,type,updated_at,updated_by,version,id) values (?,?,?,?,?,?,?,?,?,?,?,?)
Hibernate: select a1_0.id,a1_0.balance,a1_0.code,a1_0.created_at,a1_0.created_by,a1_0.is_deleted,a1_0.name,a1_0.tenant_id,a1_0.type,a1_0.updated_at,a1_0.updated_by,a1_0.version from accounts a1_0 where a1_0.code=? and a1_0.tenant_id=? and not(a1_0.is_deleted)
Hibernate: insert into accounts (balance,code,created_at,created_by,is_deleted,name,tenant_id,type,updated_at,updated_by,version,id) values (?,?,?,?,?,?,?,?,?,?,?,?)
Hibernate: select a1_0.id,a1_0.balance,a1_0.code,a1_0.created_at,a1_0.created_by,a1_0.is_deleted,a1_0.name,a1_0.tenant_id,a1_0.type,a1_0.updated_at,a1_0.updated_by,a1_0.version from accounts a1_0 where a1_0.code=? and a1_0.tenant_id=? and not(a1_0.is_deleted)
Hibernate: insert into accounts (balance,code,created_at,created_by,is_deleted,name,tenant_id,type,updated_at,updated_by,version,id) values (?,?,?,?,?,?,?,?,?,?,?,?)
Hibernate: select a1_0.id,a1_0.balance,a1_0.code,a1_0.created_at,a1_0.created_by,a1_0.is_deleted,a1_0.name,a1_0.tenant_id,a1_0.type,a1_0.updated_at,a1_0.updated_by,a1_0.version from accounts a1_0 where a1_0.code=? and a1_0.tenant_id=? and not(a1_0.is_deleted)
Hibernate: insert into accounts (balance,code,created_at,created_by,is_deleted,name,tenant_id,type,updated_at,updated_by,version,id) values (?,?,?,?,?,?,?,?,?,?,?,?)
Hibernate: select a1_0.id,a1_0.balance,a1_0.code,a1_0.created_at,a1_0.created_by,a1_0.is_deleted,a1_0.name,a1_0.tenant_id,a1_0.type,a1_0.updated_at,a1_0.updated_by,a1_0.version from accounts a1_0 where a1_0.code=? and a1_0.tenant_id=? and not(a1_0.is_deleted)
2026-06-23T12:24:01.581+05:30  INFO 17764 --- [           main] .s.a.AnnotationAsyncExecutionInterceptor : More than one TaskExecutor bean found within the context, and none is named 'taskExecutor'. Mark one of them as primary or name it 'taskExecutor' (possibly as an alias) in order to use it for async processing: [clientInboundChannelExecutor, clientOutboundChannelExecutor, brokerChannelExecutor, messageBrokerTaskScheduler]
Hibernate: insert into accounts (balance,code,created_at,created_by,is_deleted,name,tenant_id,type,updated_at,updated_by,version,id) values (?,?,?,?,?,?,?,?,?,?,?,?)
2026-06-23T12:24:01.582+05:30  INFO 17764 --- [cTaskExecutor-1] c.g.e.n.service.NotificationService      : Sending email to: owner@retail.com, Subject: Welcome to Gradge ERP!
Hibernate: insert into users (active,created_at,created_by,is_deleted,email,password,role,tenant_id,updated_at,updated_by,username,version,id) values (?,?,?,?,?,?,?,?,?,?,?,?,?)
Hibernate: select u1_0.id,u1_0.active,u1_0.created_at,u1_0.created_by,u1_0.is_deleted,u1_0.email,u1_0.password,u1_0.role,u1_0.tenant_id,u1_0.updated_at,u1_0.updated_by,u1_0.username,u1_0.version from users u1_0 where u1_0.username=?
2026-06-23T12:24:01.616+05:30 ERROR 17764 --- [cTaskExecutor-1] c.g.e.n.service.NotificationService      : Failed to send email to owner@retail.com: Mail server connection failed. Failed messages: org.eclipse.angus.mail.util.MailConnectException: Couldn't connect to host, port: localhost, 1025; timeout -1;
  nested exception is:
	java.net.ConnectException: Connection refused: connect. Fallback to log. Logged message body: 
Hello retailowner,

Your ERP tenant 'BOS Global Retail' and admin account have been successfully registered.

Best regards,
Gradge ERP Team
Hibernate: select u1_0.id,u1_0.active,u1_0.created_at,u1_0.created_by,u1_0.is_deleted,u1_0.email,u1_0.password,u1_0.role,u1_0.tenant_id,u1_0.updated_at,u1_0.updated_by,u1_0.username,u1_0.version from users u1_0 where u1_0.username=? and u1_0.tenant_id=?
Hibernate: select rt1_0.id,rt1_0.expiry_date,rt1_0.tenant_id,rt1_0.token,rt1_0.user_id from refresh_tokens rt1_0 where rt1_0.user_id=?
Hibernate: insert into refresh_tokens (expiry_date,tenant_id,token,user_id,id) values (?,?,?,?,?)
Hibernate: select u1_0.id,u1_0.active,u1_0.created_at,u1_0.created_by,u1_0.is_deleted,u1_0.email,u1_0.password,u1_0.role,u1_0.tenant_id,u1_0.updated_at,u1_0.updated_by,u1_0.username,u1_0.version from users u1_0 where u1_0.username=?
Hibernate: select u1_0.id,u1_0.active,u1_0.created_at,u1_0.created_by,u1_0.is_deleted,u1_0.email,u1_0.password,u1_0.role,u1_0.tenant_id,u1_0.updated_at,u1_0.updated_by,u1_0.username,u1_0.version from users u1_0 where u1_0.username=? and u1_0.tenant_id is null
Hibernate: select rt1_0.id,rt1_0.expiry_date,rt1_0.tenant_id,rt1_0.token,rt1_0.user_id from refresh_tokens rt1_0 where rt1_0.user_id=?
Hibernate: insert into refresh_tokens (expiry_date,tenant_id,token,user_id,id) values (?,?,?,?,?)
Hibernate: insert into employees (activation_token,activation_token_expiry,created_at,created_by,is_deleted,department,email,name,role,status,tenant_id,updated_at,updated_by,version,id) values (?,?,?,?,?,?,?,?,?,?,?,?,?,?,?)
Hibernate: select e1_0.id,e1_0.activation_token,e1_0.activation_token_expiry,e1_0.created_at,e1_0.created_by,e1_0.is_deleted,e1_0.department,e1_0.email,e1_0.name,e1_0.role,e1_0.status,e1_0.tenant_id,e1_0.updated_at,e1_0.updated_by,e1_0.version from employees e1_0 where e1_0.status=?
Hibernate: select e1_0.id,e1_0.activation_token,e1_0.activation_token_expiry,e1_0.created_at,e1_0.created_by,e1_0.is_deleted,e1_0.department,e1_0.email,e1_0.name,e1_0.role,e1_0.status,e1_0.tenant_id,e1_0.updated_at,e1_0.updated_by,e1_0.version from employees e1_0 where e1_0.id=?
Hibernate: update employees set activation_token=?,activation_token_expiry=?,created_by=?,is_deleted=?,department=?,email=?,name=?,role=?,status=?,updated_at=?,updated_by=?,version=? where id=? and version=?
Hibernate: select u1_0.id,u1_0.active,u1_0.created_at,u1_0.created_by,u1_0.is_deleted,u1_0.email,u1_0.password,u1_0.role,u1_0.tenant_id,u1_0.updated_at,u1_0.updated_by,u1_0.username,u1_0.version from users u1_0 where u1_0.username=?
Hibernate: insert into users (active,created_at,created_by,is_deleted,email,password,role,tenant_id,updated_at,updated_by,username,version,id) values (?,?,?,?,?,?,?,?,?,?,?,?,?)
-----------------------------------------------------------------
EMPLOYEE ONBOARDING GENERATED!
Employee Email: alice@retail.com
Activation URL: http://localhost:5173/onboard?token=6065fd66-ce02-4a2a-9123-824924cba36a
-----------------------------------------------------------------
Hibernate: select u1_0.id,u1_0.active,u1_0.created_at,u1_0.created_by,u1_0.is_deleted,u1_0.email,u1_0.password,u1_0.role,u1_0.tenant_id,u1_0.updated_at,u1_0.updated_by,u1_0.username,u1_0.version from users u1_0 where u1_0.email=?
Hibernate: select e1_0.id,e1_0.activation_token,e1_0.activation_token_expiry,e1_0.created_at,e1_0.created_by,e1_0.is_deleted,e1_0.department,e1_0.email,e1_0.name,e1_0.role,e1_0.status,e1_0.tenant_id,e1_0.updated_at,e1_0.updated_by,e1_0.version from employees e1_0 where e1_0.activation_token=?
Hibernate: select u1_0.id,u1_0.active,u1_0.created_at,u1_0.created_by,u1_0.is_deleted,u1_0.email,u1_0.password,u1_0.role,u1_0.tenant_id,u1_0.updated_at,u1_0.updated_by,u1_0.username,u1_0.version from users u1_0 where u1_0.email=?
Hibernate: update users set active=?,created_by=?,is_deleted=?,email=?,password=?,role=?,updated_at=?,updated_by=?,username=?,version=? where id=? and version=?
Hibernate: update employees set activation_token=?,activation_token_expiry=?,created_by=?,is_deleted=?,department=?,email=?,name=?,role=?,status=?,updated_at=?,updated_by=?,version=? where id=? and version=?
Hibernate: select u1_0.id,u1_0.active,u1_0.created_at,u1_0.created_by,u1_0.is_deleted,u1_0.email,u1_0.password,u1_0.role,u1_0.tenant_id,u1_0.updated_at,u1_0.updated_by,u1_0.username,u1_0.version from users u1_0 where u1_0.email=?
Hibernate: select e1_0.id,e1_0.activation_token,e1_0.activation_token_expiry,e1_0.created_at,e1_0.created_by,e1_0.is_deleted,e1_0.department,e1_0.email,e1_0.name,e1_0.role,e1_0.status,e1_0.tenant_id,e1_0.updated_at,e1_0.updated_by,e1_0.version from employees e1_0 where e1_0.id=?
2026-06-23T12:24:01.965+05:30  INFO 17764 --- [ntContainer#0-2] o.s.a.r.l.SimpleMessageListenerContainer : Waiting for workers to finish.
2026-06-23T12:24:01.965+05:30  INFO 17764 --- [ntContainer#1-2] o.s.a.r.l.SimpleMessageListenerContainer : Waiting for workers to finish.
2026-06-23T12:24:01.965+05:30  INFO 17764 --- [ntContainer#0-2] o.s.a.r.l.SimpleMessageListenerContainer : Successfully waited for workers to finish.
2026-06-23T12:24:01.965+05:30  INFO 17764 --- [ntContainer#1-2] o.s.a.r.l.SimpleMessageListenerContainer : Successfully waited for workers to finish.
2026-06-23T12:24:01.966+05:30  INFO 17764 --- [           main] o.s.m.s.b.SimpleBrokerMessageHandler     : Stopping...
2026-06-23T12:24:01.966+05:30  INFO 17764 --- [           main] o.s.m.s.b.SimpleBrokerMessageHandler     : BrokerAvailabilityEvent[available=false, SimpleBrokerMessageHandler [org.springframework.messaging.simp.broker.DefaultSubscriptionRegistry@2db12c5b]]
2026-06-23T12:24:01.966+05:30  INFO 17764 --- [           main] o.s.m.s.b.SimpleBrokerMessageHandler     : Stopped.
2026-06-23T12:24:01.972+05:30  INFO 17764 --- [           main] j.LocalContainerEntityManagerFactoryBean : Closing JPA EntityManagerFactory for persistence unit 'default'
Hibernate: drop table if exists accounts cascade 
Hibernate: drop table if exists audit_logs cascade 
Hibernate: drop table if exists billing_records cascade 
Hibernate: drop table if exists categories cascade 
Hibernate: drop table if exists customers cascade 
Hibernate: drop table if exists employees cascade 
Hibernate: drop table if exists expenses cascade 
Hibernate: drop table if exists file_objects cascade 
Hibernate: drop table if exists goods_received_notes cascade 
Hibernate: drop table if exists incomes cascade 
Hibernate: drop table if exists inspection_items cascade 
Hibernate: drop table if exists inspections cascade 
Hibernate: drop table if exists invoice_items cascade 
Hibernate: drop table if exists invoices cascade 
Hibernate: drop table if exists job_cards cascade 
Hibernate: drop table if exists journal_entries cascade 
Hibernate: drop table if exists payments cascade 
Hibernate: drop table if exists products cascade 
Hibernate: drop table if exists purchase_order_items cascade 
Hibernate: drop table if exists purchase_orders cascade 
Hibernate: drop table if exists refresh_tokens cascade 
Hibernate: drop table if exists stock cascade 
Hibernate: drop table if exists stock_movements cascade 
Hibernate: drop table if exists suppliers cascade 
Hibernate: drop table if exists tenant_modules cascade 
Hibernate: drop table if exists tenant_subscriptions cascade 
Hibernate: drop table if exists tenants cascade 
Hibernate: drop table if exists transaction_lines cascade 
Hibernate: drop table if exists users cascade 
Hibernate: drop table if exists vehicles cascade 
2026-06-23T12:24:01.985+05:30  INFO 17764 --- [           main] com.zaxxer.hikari.HikariDataSource       : HikariPool-1 - Shutdown initiated...
2026-06-23T12:24:01.986+05:30  INFO 17764 --- [           main] com.zaxxer.hikari.HikariDataSource       : HikariPool-1 - Shutdown completed.
]]></system-out>
    <system-err><![CDATA[Mockito is currently self-attaching to enable the inline-mock-maker. This will no longer work in future releases of the JDK. Please add Mockito as an agent to your build as described in Mockito's documentation: https://javadoc.io/doc/org.mockito/mockito-core/latest/org.mockito/org/mockito/Mockito.html#0.3
WARNING: A Java agent has been loaded dynamically (C:\Users\Vishwa\.m2\repository\net\bytebuddy\byte-buddy-agent\1.17.5\byte-buddy-agent-1.17.5.jar)
WARNING: If a serviceability tool is in use, please run with -XX:+EnableDynamicAgentLoading to hide this warning
WARNING: If a serviceability tool is not in use, please run with -Djdk.instrument.traceUsage for more information
WARNING: Dynamic loading of agents will be disallowed by default in a future release
]]></system-err>
  </testcase>
  <testcase name="testPosSaleInvoiceEventTrigger" classname="com.gradge.erp.tenant.BosEventAndOnboardingIntegrationTest" time="0.328">
    <system-out><![CDATA[
  .   ____          _            __ _ _
 /\\ / ___'_ __ _ _(_)_ __  __ _ \ \ \ \
( ( )\___ | '_ | '_| | '_ \/ _` | \ \ \ \
 \\/  ___)| |_)| | | | | || (_| |  ) ) ) )
  '  |____| .__|_| |_|_| |_\__, | / / / /
 =========|_|==============|___/=/_/_/_/

 :: Spring Boot ::                (v3.5.0)

2026-06-23T12:24:02.019+05:30  INFO 17764 --- [           main] e.t.BosEventAndOnboardingIntegrationTest : Starting BosEventAndOnboardingIntegrationTest using Java 25.0.2 with PID 17764 (started by Vishwa in C:\Users\Vishwa\OneDrive\Desktop\project)
2026-06-23T12:24:02.019+05:30  INFO 17764 --- [           main] e.t.BosEventAndOnboardingIntegrationTest : The following 1 profile is active: "test"
2026-06-23T12:24:02.931+05:30  INFO 17764 --- [           main] .s.d.r.c.RepositoryConfigurationDelegate : Bootstrapping Spring Data JPA repositories in DEFAULT mode.
2026-06-23T12:24:02.984+05:30  INFO 17764 --- [           main] .s.d.r.c.RepositoryConfigurationDelegate : Finished Spring Data repository scanning in 51 ms. Found 26 JPA repository interfaces.
2026-06-23T12:24:03.080+05:30  INFO 17764 --- [           main] o.hibernate.jpa.internal.util.LogHelper  : HHH000204: Processing PersistenceUnitInfo [name: default]
2026-06-23T12:24:03.082+05:30  INFO 17764 --- [           main] o.h.c.internal.RegionFactoryInitiator    : HHH000026: Second-level cache disabled
2026-06-23T12:24:03.093+05:30  INFO 17764 --- [           main] o.s.o.j.p.SpringPersistenceUnitInfo      : No LoadTimeWeaver setup: ignoring JPA class transformer
2026-06-23T12:24:03.093+05:30  INFO 17764 --- [           main] com.zaxxer.hikari.HikariDataSource       : HikariPool-2 - Starting...
2026-06-23T12:24:03.094+05:30  INFO 17764 --- [           main] com.zaxxer.hikari.pool.HikariPool        : HikariPool-2 - Added connection conn10: url=jdbc:h2:mem:testdb user=SA
2026-06-23T12:24:03.095+05:30  INFO 17764 --- [           main] com.zaxxer.hikari.HikariDataSource       : HikariPool-2 - Start completed.
2026-06-23T12:24:03.095+05:30  WARN 17764 --- [           main] org.hibernate.orm.deprecation            : HHH90000025: H2Dialect does not need to be specified explicitly using 'hibernate.dialect' (remove the property setting and it will be selected by default)
2026-06-23T12:24:03.096+05:30  INFO 17764 --- [           main] org.hibernate.orm.connections.pooling    : HHH10001005: Database info:
	Database JDBC URL [Connecting through datasource 'HikariDataSource (HikariPool-2)']
	Database driver: undefined/unknown
	Database version: 2.3.232
	Autocommit mode: undefined/unknown
	Isolation level: undefined/unknown
	Minimum pool size: undefined/unknown
	Maximum pool size: undefined/unknown
2026-06-23T12:24:03.274+05:30  INFO 17764 --- [           main] o.h.e.t.j.p.i.JtaPlatformInitiator       : HHH000489: No JTA platform available (set 'hibernate.transaction.jta.platform' to enable JTA platform integration)
Hibernate: drop table if exists accounts cascade 
Hibernate: drop table if exists audit_logs cascade 
Hibernate: drop table if exists billing_records cascade 
Hibernate: drop table if exists categories cascade 
Hibernate: drop table if exists customers cascade 
Hibernate: drop table if exists employees cascade 
Hibernate: drop table if exists expenses cascade 
Hibernate: drop table if exists file_objects cascade 
Hibernate: drop table if exists goods_received_notes cascade 
Hibernate: drop table if exists incomes cascade 
Hibernate: drop table if exists inspection_items cascade 
Hibernate: drop table if exists inspections cascade 
Hibernate: drop table if exists invoice_items cascade 
Hibernate: drop table if exists invoices cascade 
Hibernate: drop table if exists job_cards cascade 
Hibernate: drop table if exists journal_entries cascade 
Hibernate: drop table if exists payments cascade 
Hibernate: drop table if exists products cascade 
Hibernate: drop table if exists purchase_order_items cascade 
Hibernate: drop table if exists purchase_orders cascade 
Hibernate: drop table if exists refresh_tokens cascade 
Hibernate: drop table if exists stock cascade 
Hibernate: drop table if exists stock_movements cascade 
Hibernate: drop table if exists suppliers cascade 
Hibernate: drop table if exists tenant_modules cascade 
Hibernate: drop table if exists tenant_subscriptions cascade 
Hibernate: drop table if exists tenants cascade 
Hibernate: drop table if exists transaction_lines cascade 
Hibernate: drop table if exists users cascade 
Hibernate: drop table if exists vehicles cascade 
Hibernate: create table accounts (balance numeric(38,2) not null, is_deleted boolean, created_at timestamp(6), updated_at timestamp(6), version bigint, created_by uuid, id uuid not null, tenant_id uuid, updated_by uuid, code varchar(255) not null, name varchar(255) not null, type enum ('ASSET','EQUITY','EXPENSE','LIABILITY','REVENUE') not null, primary key (id), constraint uc_account_code_tenant unique (code, tenant_id))
Hibernate: create table audit_logs (timestamp timestamp(6) not null, id uuid not null, tenant_id uuid not null, action varchar(255) not null, entity_id varchar(255), entity_name varchar(255), payload TEXT, username varchar(255), primary key (id))
Hibernate: create table billing_records (amount float(53), created_at timestamp(6), paid_at timestamp(6), id uuid not null, tenant_id uuid, currency varchar(255), payment_method varchar(255), payment_status varchar(255), transaction_ref varchar(255), plan_type enum ('ENTERPRISE','FREE','PRO','STARTER'), primary key (id))
Hibernate: create table categories (is_deleted boolean, created_at timestamp(6), updated_at timestamp(6), version bigint, created_by uuid, id uuid not null, tenant_id uuid, updated_by uuid, description varchar(255), name varchar(255) not null, primary key (id))
Hibernate: create table customers (is_deleted boolean, total_spent float(53), visit_count integer, created_at timestamp(6), updated_at timestamp(6), version bigint, branch_id uuid, created_by uuid, id uuid not null, tenant_id uuid, updated_by uuid, address varchar(255), email varchar(255), name varchar(255) not null, nic varchar(255), phone varchar(255) not null, primary key (id))
Hibernate: create table employees (is_deleted boolean, activation_token_expiry timestamp(6), created_at timestamp(6), updated_at timestamp(6), version bigint, created_by uuid, id uuid not null, tenant_id uuid, updated_by uuid, activation_token varchar(255), department varchar(255), email varchar(255) not null, name varchar(255) not null, role enum ('ACCOUNTANT','ADMIN','CASHIER','HR_OFFICER','MANAGER','OWNER','STORE_KEEPER','SUPER_ADMIN') not null, status enum ('APPROVED','PENDING_APPROVAL','REJECTED') not null, primary key (id))
Hibernate: create table expenses (amount numeric(38,2) not null, date date not null, is_deleted boolean, created_at timestamp(6), updated_at timestamp(6), version bigint, created_by uuid, id uuid not null, tenant_id uuid, updated_by uuid, category varchar(255) not null, description varchar(255) not null, reference varchar(255), primary key (id))
Hibernate: create table file_objects (file_size bigint, uploaded_at timestamp(6), id uuid not null, reference_id uuid, tenant_id uuid, file_name varchar(255), file_type varchar(255), file_url varchar(255), module varchar(255), storage_key varchar(255), primary key (id))
Hibernate: create table goods_received_notes (is_deleted boolean, quantity_received float(53) not null, received_date date, stock_updated boolean not null, created_at timestamp(6), updated_at timestamp(6), version bigint, created_by uuid, id uuid not null, product_id uuid not null, purchase_order_id uuid not null, tenant_id uuid, updated_by uuid, grn_number varchar(255) not null unique, notes varchar(255), primary key (id))
Hibernate: create table incomes (amount numeric(38,2) not null, date date not null, is_deleted boolean, created_at timestamp(6), updated_at timestamp(6), version bigint, created_by uuid, id uuid not null, tenant_id uuid, updated_by uuid, category varchar(255) not null, description varchar(255) not null, reference varchar(255), primary key (id))
Hibernate: create table inspection_items (is_checked boolean, id uuid not null, inspection_id uuid not null, item_name varchar(255) not null, remarks TEXT, primary key (id))
Hibernate: create table inspections (estimated_cost float(53), is_deleted boolean, created_at timestamp(6), updated_at timestamp(6), branch_id uuid, id uuid not null, job_card_id uuid not null, tenant_id uuid not null, overall_notes TEXT, status enum ('APPROVED','COMPLETED','IN_PROGRESS','PENDING','REJECTED'), primary key (id))
Hibernate: create table invoice_items (is_deleted boolean, quantity integer not null, unit_price numeric(38,2), created_at timestamp(6), updated_at timestamp(6), version bigint, created_by uuid, id uuid not null, invoice_id uuid, tenant_id uuid, updated_by uuid, product_name varchar(255), primary key (id))
Hibernate: create table invoices (balance numeric(38,2), discount numeric(38,2), is_deleted boolean, paid_amount numeric(38,2) not null, sub_total numeric(38,2), tax numeric(38,2), total numeric(38,2), created_at timestamp(6), updated_at timestamp(6), version bigint, created_by uuid, customer_id uuid, id uuid not null, job_card_id uuid unique, tenant_id uuid, updated_by uuid, invoice_number varchar(255), status enum ('CANCELLED','CONFIRMED','DRAFT','PAID','PARTIALLY_PAID'), primary key (id))
Hibernate: create table job_cards (invoice_generated boolean not null, is_deleted boolean, labor_cost float(53), parts_cost float(53), total_cost float(53), created_at timestamp(6), updated_at timestamp(6), version bigint, branch_id uuid, created_by uuid, customer_id uuid, id uuid not null, tenant_id uuid, updated_by uuid, job_number varchar(255) not null unique, vehicle_number varchar(255), status enum ('ASSIGNED','CANCELLED','COMPLETED','CREATED','INVOICED','IN_PROGRESS','ON_HOLD'), primary key (id))
Hibernate: create table journal_entries (entry_date date not null, is_deleted boolean, created_at timestamp(6), updated_at timestamp(6), version bigint, created_by uuid, id uuid not null, tenant_id uuid, updated_by uuid, description varchar(255) not null, reference_number varchar(255), primary key (id))
Hibernate: create table payments (amount numeric(38,2), is_deleted boolean, created_at timestamp(6), updated_at timestamp(6), version bigint, created_by uuid, id uuid not null, invoice_id uuid, tenant_id uuid, updated_by uuid, method enum ('CARD','CASH','MOBILE_PAYMENT','ONLINE_TRANSFER'), primary key (id))
Hibernate: create table products (cost_price float(53), is_deleted boolean, quantity integer, reorder_level integer, selling_price float(53), created_at timestamp(6), updated_at timestamp(6), version bigint, category_id uuid, created_by uuid, id uuid not null, tenant_id uuid, updated_by uuid, barcode varchar(255), name varchar(255) not null, sku varchar(255), primary key (id))
Hibernate: create table purchase_order_items (quantity float(53) not null, total_cost numeric(38,2), unit_cost numeric(38,2), id uuid not null, product_id uuid not null, purchase_order_id uuid not null, primary key (id))
Hibernate: create table purchase_orders (is_deleted boolean, total_amount numeric(38,2), created_at timestamp(6), updated_at timestamp(6), version bigint, created_by uuid, id uuid not null, supplier_id uuid not null, tenant_id uuid, updated_by uuid, notes varchar(255), po_number varchar(255) not null unique, status enum ('CANCELLED','DRAFT','RECEIVED','SUBMITTED'), primary key (id))
Hibernate: create table refresh_tokens (expiry_date timestamp(6) with time zone not null, id uuid not null, tenant_id uuid, user_id uuid not null, token varchar(255) not null unique, primary key (id))
Hibernate: create table stock (quantity float(53), id uuid not null, product_id uuid, tenant_id uuid not null, primary key (id))
Hibernate: create table stock_movements (quantity float(53), created_at timestamp(6), id uuid not null, product_id uuid, tenant_id uuid not null, reference varchar(255), type enum ('ADJUSTMENT','IN','OUT'), primary key (id))
Hibernate: create table suppliers (is_deleted boolean, created_at timestamp(6), updated_at timestamp(6), version bigint, created_by uuid, id uuid not null, tenant_id uuid, updated_by uuid, address varchar(255), contact_name varchar(255), email varchar(255), name varchar(255) not null, phone varchar(255), tax_number varchar(255), primary key (id))
Hibernate: create table tenant_modules (tenant_id uuid not null, module_key enum ('ACCOUNTING','CRM','HRM','INVENTORY','POS'))
Hibernate: create table tenant_subscriptions (active boolean not null, end_date date, start_date date, id uuid not null, tenant_id uuid unique, plan_type enum ('ENTERPRISE','FREE','PRO','STARTER'), primary key (id))
Hibernate: create table tenants (id uuid not null, industry varchar(255), name varchar(255) not null unique, primary key (id))
Hibernate: create table transaction_lines (amount numeric(38,2) not null, is_debit boolean not null, is_deleted boolean, created_at timestamp(6), updated_at timestamp(6), version bigint, account_id uuid not null, created_by uuid, id uuid not null, journal_entry_id uuid not null, tenant_id uuid, updated_by uuid, primary key (id))
Hibernate: create table users (active boolean not null, is_deleted boolean, created_at timestamp(6), updated_at timestamp(6), version bigint, created_by uuid, id uuid not null, tenant_id uuid, updated_by uuid, email varchar(255), password varchar(255) not null, username varchar(255) not null, role enum ('ACCOUNTANT','ADMIN','CASHIER','HR_OFFICER','MANAGER','OWNER','STORE_KEEPER','SUPER_ADMIN') not null, primary key (id), constraint uc_user_username_tenant unique (username, tenant_id))
Hibernate: create table vehicles (is_deleted boolean, last_service_date date, mileage integer, next_service_due date, year_of_manufacture integer, created_at timestamp(6), updated_at timestamp(6), version bigint, branch_id uuid, created_by uuid, customer_id uuid not null, id uuid not null, tenant_id uuid, updated_by uuid, brand varchar(255), chassis_number varchar(255), color varchar(255), engine_number varchar(255), fuel_type varchar(255), model varchar(255), vehicle_number varchar(255) not null, primary key (id))
Hibernate: create index idx_account_tenant on accounts (tenant_id)
Hibernate: create index idx_account_code on accounts (code)
Hibernate: create index idx_audit_log_tenant on audit_logs (tenant_id)
Hibernate: create index idx_audit_log_action on audit_logs (action)
Hibernate: create index idx_category_tenant on categories (tenant_id)
Hibernate: create index idx_customer_tenant on customers (tenant_id)
Hibernate: create index idx_customer_phone on customers (phone)
Hibernate: create index idx_expense_tenant on expenses (tenant_id)
Hibernate: create index idx_expense_date on expenses (date)
Hibernate: create index idx_grn_tenant on goods_received_notes (tenant_id)
Hibernate: create index idx_income_tenant on incomes (tenant_id)
Hibernate: create index idx_income_date on incomes (date)
Hibernate: create index idx_inspection_item_inspection on inspection_items (inspection_id)
Hibernate: create index idx_inspection_tenant on inspections (tenant_id)
Hibernate: create index idx_inspection_jobcard on inspections (job_card_id)
Hibernate: create index idx_journal_tenant on journal_entries (tenant_id)
Hibernate: create index idx_journal_date on journal_entries (entry_date)
Hibernate: create index idx_product_tenant on products (tenant_id)
Hibernate: create index idx_po_tenant on purchase_orders (tenant_id)
Hibernate: create index idx_refresh_token_val on refresh_tokens (token)
Hibernate: create index idx_refresh_token_tenant on refresh_tokens (tenant_id)
Hibernate: create index idx_stock_product on stock (product_id)
Hibernate: create index idx_stock_tenant on stock (tenant_id)
Hibernate: create index idx_supplier_tenant on suppliers (tenant_id)
Hibernate: create index idx_tx_line_tenant on transaction_lines (tenant_id)
Hibernate: create index idx_user_tenant on users (tenant_id)
Hibernate: create index idx_vehicle_tenant on vehicles (tenant_id)
Hibernate: create index idx_vehicle_number on vehicles (vehicle_number)
Hibernate: alter table if exists accounts add constraint FKsw0lwjbtx192vq7wt1i90hoj foreign key (tenant_id) references tenants
Hibernate: alter table if exists billing_records add constraint FKchh0bp4h5n94c1ykwhc64p3mq foreign key (tenant_id) references tenants
Hibernate: alter table if exists customers add constraint FKpd6k5i4wnbhgk8fwug35v2x5t foreign key (tenant_id) references tenants
Hibernate: alter table if exists expenses add constraint FKc47ahibpjdro481tf5l4o6wpd foreign key (tenant_id) references tenants
Hibernate: alter table if exists file_objects add constraint FKlrrbokirjusoqhyqnbriws0dx foreign key (tenant_id) references tenants
Hibernate: alter table if exists goods_received_notes add constraint FK7goex26oj6qofvqap9cns6g2w foreign key (purchase_order_id) references purchase_orders
Hibernate: alter table if exists incomes add constraint FKqk2imwprsm3480hn7t6abwcu5 foreign key (tenant_id) references tenants
Hibernate: alter table if exists inspection_items add constraint FKbiylq4jesyn83m2tjjbu9ggmw foreign key (inspection_id) references inspections
Hibernate: alter table if exists inspections add constraint FKgak9f663dg9tetp2abt7qoho4 foreign key (job_card_id) references job_cards
Hibernate: alter table if exists inspections add constraint FK7xqgujnsrllbrooscrmmy54da foreign key (tenant_id) references tenants
Hibernate: alter table if exists invoice_items add constraint FK46ae0lhu1oqs7cv91fn6y9n7w foreign key (invoice_id) references invoices
Hibernate: alter table if exists invoices add constraint FKq2w4hmh6l9othnp6cepp0cfe2 foreign key (customer_id) references customers
Hibernate: alter table if exists invoices add constraint FKejviw0km5oiju4theke9yiaub foreign key (job_card_id) references job_cards
Hibernate: alter table if exists invoices add constraint FKld79gsqsmww43uddpxajoxts0 foreign key (tenant_id) references tenants
Hibernate: alter table if exists job_cards add constraint FKnkj0wy82xb8dnyaoh9ay5rau2 foreign key (customer_id) references customers
Hibernate: alter table if exists job_cards add constraint FKj1oj1vq8hxai1pugf1yi55s3y foreign key (tenant_id) references tenants
Hibernate: alter table if exists journal_entries add constraint FKew2uk73f4kmslokeoe6a3tyvm foreign key (tenant_id) references tenants
Hibernate: alter table if exists payments add constraint FKrbqec6be74wab8iifh8g3i50i foreign key (invoice_id) references invoices
Hibernate: alter table if exists products add constraint FKog2rp4qthbtt2lfyhfo32lsw9 foreign key (category_id) references categories
Hibernate: alter table if exists products add constraint FKn8rwil6da3e23e0g04r5cw0mf foreign key (tenant_id) references tenants
Hibernate: alter table if exists purchase_order_items add constraint FKs16e5vrvsp8alu0xp8m3a2ol5 foreign key (product_id) references products
Hibernate: alter table if exists purchase_order_items add constraint FKo3yj8ocbw2kav38548t22hgh8 foreign key (purchase_order_id) references purchase_orders
Hibernate: alter table if exists purchase_orders add constraint FKrpdasmb8y8xs5tiy4369xpinq foreign key (supplier_id) references suppliers
Hibernate: alter table if exists refresh_tokens add constraint FK1lih5y2npsf8u5o3vhdb9y0os foreign key (user_id) references users
Hibernate: alter table if exists stock add constraint FKeuiihog7wq4cu7nvqu7jx57d2 foreign key (product_id) references products
Hibernate: alter table if exists stock add constraint FKbffcj88otpkhq3r3tfb72vahj foreign key (tenant_id) references tenants
Hibernate: alter table if exists stock_movements add constraint FKjcaag8ogfjxpwmqypi1wfdaog foreign key (product_id) references products
Hibernate: alter table if exists stock_movements add constraint FKrekfd4xttnb117vj5eudm3tvl foreign key (tenant_id) references tenants
Hibernate: alter table if exists tenant_modules add constraint FKdwmiswv7wrjahbvwhj2l0k6kk foreign key (tenant_id) references tenants
Hibernate: alter table if exists tenant_subscriptions add constraint FKbpmvmu3al4jtfo7sldlc5k4rh foreign key (tenant_id) references tenants
Hibernate: alter table if exists transaction_lines add constraint FKa611qmd59upm4n1mdfuffawie foreign key (account_id) references accounts
Hibernate: alter table if exists transaction_lines add constraint FK1g30eoq319q5s0g36bko5hghr foreign key (journal_entry_id) references journal_entries
Hibernate: alter table if exists vehicles add constraint FKjrosretvs9ih5ybhpsd5qskc3 foreign key (customer_id) references customers
Hibernate: alter table if exists vehicles add constraint FKeabr3pmwot4j2iqkvruw5hc7a foreign key (tenant_id) references tenants
2026-06-23T12:24:03.314+05:30  INFO 17764 --- [           main] j.LocalContainerEntityManagerFactoryBean : Initialized JPA EntityManagerFactory for persistence unit 'default'
2026-06-23T12:24:03.718+05:30  WARN 17764 --- [           main] JpaBaseConfiguration$JpaWebConfiguration : spring.jpa.open-in-view is enabled by default. Therefore, database queries may be performed during view rendering. Explicitly configure spring.jpa.open-in-view to disable this warning
2026-06-23T12:24:03.744+05:30  WARN 17764 --- [           main] .s.s.UserDetailsServiceAutoConfiguration : 

Using generated security password: 5cccc8e1-1700-4410-8897-1066e313321a

This generated password is for development use only. Your security configuration must be updated before running your application in production.

2026-06-23T12:24:03.745+05:30  INFO 17764 --- [           main] r$InitializeUserDetailsManagerConfigurer : Global AuthenticationManager configured with UserDetailsService bean with name inMemoryUserDetailsManager
2026-06-23T12:24:03.886+05:30  INFO 17764 --- [           main] o.s.b.t.m.w.SpringBootMockServletContext : Initializing Spring TestDispatcherServlet ''
2026-06-23T12:24:03.886+05:30  INFO 17764 --- [           main] o.s.t.web.servlet.TestDispatcherServlet  : Initializing Servlet ''
2026-06-23T12:24:03.886+05:30  INFO 17764 --- [           main] o.s.t.web.servlet.TestDispatcherServlet  : Completed initialization in 0 ms
2026-06-23T12:24:03.892+05:30  INFO 17764 --- [           main] o.s.m.s.b.SimpleBrokerMessageHandler     : Starting...
2026-06-23T12:24:03.892+05:30  INFO 17764 --- [           main] o.s.m.s.b.SimpleBrokerMessageHandler     : BrokerAvailabilityEvent[available=true, SimpleBrokerMessageHandler [org.springframework.messaging.simp.broker.DefaultSubscriptionRegistry@4f4f7652]]
2026-06-23T12:24:03.892+05:30  INFO 17764 --- [           main] o.s.m.s.b.SimpleBrokerMessageHandler     : Started.
2026-06-23T12:24:03.893+05:30  INFO 17764 --- [           main] o.s.a.r.c.CachingConnectionFactory       : Attempting to connect to: [localhost:5672]
2026-06-23T12:24:03.904+05:30  INFO 17764 --- [           main] o.s.a.r.l.SimpleMessageListenerContainer : Broker not available; cannot force queue declarations during start: java.net.ConnectException: Connection refused: getsockopt
2026-06-23T12:24:03.905+05:30  INFO 17764 --- [ntContainer#0-1] o.s.a.r.c.CachingConnectionFactory       : Attempting to connect to: [localhost:5672]
2026-06-23T12:24:03.926+05:30 ERROR 17764 --- [ntContainer#0-1] o.s.a.r.l.SimpleMessageListenerContainer : Failed to check/redeclare auto-delete queue(s).

org.springframework.amqp.AmqpConnectException: java.net.ConnectException: Connection refused: getsockopt
	at org.springframework.amqp.rabbit.support.RabbitExceptionTranslator.convertRabbitAccessException(RabbitExceptionTranslator.java:61) ~[spring-rabbit-3.2.5.jar:3.2.5]
	at org.springframework.amqp.rabbit.connection.AbstractConnectionFactory.createBareConnection(AbstractConnectionFactory.java:632) ~[spring-rabbit-3.2.5.jar:3.2.5]
	at org.springframework.amqp.rabbit.connection.CachingConnectionFactory.createConnection(CachingConnectionFactory.java:726) ~[spring-rabbit-3.2.5.jar:3.2.5]
	at org.springframework.amqp.rabbit.connection.ConnectionFactoryUtils.createConnection(ConnectionFactoryUtils.java:257) ~[spring-rabbit-3.2.5.jar:3.2.5]
	at org.springframework.amqp.rabbit.core.RabbitTemplate.doExecute(RabbitTemplate.java:2262) ~[spring-rabbit-3.2.5.jar:3.2.5]
	at org.springframework.amqp.rabbit.core.RabbitTemplate.execute(RabbitTemplate.java:2235) ~[spring-rabbit-3.2.5.jar:3.2.5]
	at org.springframework.amqp.rabbit.core.RabbitTemplate.execute(RabbitTemplate.java:2215) ~[spring-rabbit-3.2.5.jar:3.2.5]
	at org.springframework.amqp.rabbit.core.RabbitAdmin.getQueueInfo(RabbitAdmin.java:467) ~[spring-rabbit-3.2.5.jar:3.2.5]
	at org.springframework.amqp.rabbit.core.RabbitAdmin.getQueueProperties(RabbitAdmin.java:451) ~[spring-rabbit-3.2.5.jar:3.2.5]
	at org.springframework.amqp.rabbit.listener.AbstractMessageListenerContainer.attemptDeclarations(AbstractMessageListenerContainer.java:1972) ~[spring-rabbit-3.2.5.jar:3.2.5]
	at org.springframework.amqp.rabbit.listener.AbstractMessageListenerContainer.redeclareElementsIfNecessary(AbstractMessageListenerContainer.java:1936) ~[spring-rabbit-3.2.5.jar:3.2.5]
	at org.springframework.amqp.rabbit.listener.SimpleMessageListenerContainer$AsyncMessageProcessingConsumer.initialize(SimpleMessageListenerContainer.java:1481) ~[spring-rabbit-3.2.5.jar:3.2.5]
	at org.springframework.amqp.rabbit.listener.SimpleMessageListenerContainer$AsyncMessageProcessingConsumer.run(SimpleMessageListenerContainer.java:1322) ~[spring-rabbit-3.2.5.jar:3.2.5]
	at java.base/java.lang.Thread.run(Thread.java:1474) ~[na:na]
Caused by: java.net.ConnectException: Connection refused: getsockopt
	at java.base/sun.nio.ch.Net.pollConnect(Native Method) ~[na:na]
	at java.base/sun.nio.ch.Net.pollConnectNow(Net.java:639) ~[na:na]
	at java.base/sun.nio.ch.NioSocketImpl.timedFinishConnect(NioSocketImpl.java:543) ~[na:na]
	at java.base/sun.nio.ch.NioSocketImpl.connect(NioSocketImpl.java:594) ~[na:na]
	at java.base/java.net.SocksSocketImpl.connect(SocksSocketImpl.java:284) ~[na:na]
	at java.base/java.net.Socket.connect(Socket.java:659) ~[na:na]
	at com.rabbitmq.client.impl.SocketFrameHandlerFactory.create(SocketFrameHandlerFactory.java:61) ~[amqp-client-5.25.0.jar:5.25.0]
	at com.rabbitmq.client.ConnectionFactory.newConnection(ConnectionFactory.java:1249) ~[amqp-client-5.25.0.jar:5.25.0]
	at com.rabbitmq.client.ConnectionFactory.newConnection(ConnectionFactory.java:1198) ~[amqp-client-5.25.0.jar:5.25.0]
	at org.springframework.amqp.rabbit.connection.AbstractConnectionFactory.connectAddresses(AbstractConnectionFactory.java:678) ~[spring-rabbit-3.2.5.jar:3.2.5]
	at org.springframework.amqp.rabbit.connection.AbstractConnectionFactory.connect(AbstractConnectionFactory.java:647) ~[spring-rabbit-3.2.5.jar:3.2.5]
	at org.springframework.amqp.rabbit.connection.AbstractConnectionFactory.createBareConnection(AbstractConnectionFactory.java:593) ~[spring-rabbit-3.2.5.jar:3.2.5]
	... 12 common frames omitted

2026-06-23T12:24:03.927+05:30  INFO 17764 --- [ntContainer#0-1] o.s.a.r.c.CachingConnectionFactory       : Attempting to connect to: [localhost:5672]
2026-06-23T12:24:03.948+05:30  INFO 17764 --- [           main] o.s.a.r.c.CachingConnectionFactory       : Attempting to connect to: [localhost:5672]
2026-06-23T12:24:03.970+05:30  INFO 17764 --- [           main] o.s.a.r.l.SimpleMessageListenerContainer : Broker not available; cannot force queue declarations during start: java.net.ConnectException: Connection refused: getsockopt
2026-06-23T12:24:03.971+05:30  INFO 17764 --- [ntContainer#1-1] o.s.a.r.c.CachingConnectionFactory       : Attempting to connect to: [localhost:5672]
2026-06-23T12:24:03.981+05:30 ERROR 17764 --- [ntContainer#1-1] o.s.a.r.l.SimpleMessageListenerContainer : Failed to check/redeclare auto-delete queue(s).

org.springframework.amqp.AmqpConnectException: java.net.ConnectException: Connection refused: getsockopt
	at org.springframework.amqp.rabbit.support.RabbitExceptionTranslator.convertRabbitAccessException(RabbitExceptionTranslator.java:61) ~[spring-rabbit-3.2.5.jar:3.2.5]
	at org.springframework.amqp.rabbit.connection.AbstractConnectionFactory.createBareConnection(AbstractConnectionFactory.java:632) ~[spring-rabbit-3.2.5.jar:3.2.5]
	at org.springframework.amqp.rabbit.connection.CachingConnectionFactory.createConnection(CachingConnectionFactory.java:726) ~[spring-rabbit-3.2.5.jar:3.2.5]
	at org.springframework.amqp.rabbit.connection.ConnectionFactoryUtils.createConnection(ConnectionFactoryUtils.java:257) ~[spring-rabbit-3.2.5.jar:3.2.5]
	at org.springframework.amqp.rabbit.core.RabbitTemplate.doExecute(RabbitTemplate.java:2262) ~[spring-rabbit-3.2.5.jar:3.2.5]
	at org.springframework.amqp.rabbit.core.RabbitTemplate.execute(RabbitTemplate.java:2235) ~[spring-rabbit-3.2.5.jar:3.2.5]
	at org.springframework.amqp.rabbit.core.RabbitTemplate.execute(RabbitTemplate.java:2215) ~[spring-rabbit-3.2.5.jar:3.2.5]
	at org.springframework.amqp.rabbit.core.RabbitAdmin.getQueueInfo(RabbitAdmin.java:467) ~[spring-rabbit-3.2.5.jar:3.2.5]
	at org.springframework.amqp.rabbit.core.RabbitAdmin.getQueueProperties(RabbitAdmin.java:451) ~[spring-rabbit-3.2.5.jar:3.2.5]
	at org.springframework.amqp.rabbit.listener.AbstractMessageListenerContainer.attemptDeclarations(AbstractMessageListenerContainer.java:1972) ~[spring-rabbit-3.2.5.jar:3.2.5]
	at org.springframework.amqp.rabbit.listener.AbstractMessageListenerContainer.redeclareElementsIfNecessary(AbstractMessageListenerContainer.java:1936) ~[spring-rabbit-3.2.5.jar:3.2.5]
	at org.springframework.amqp.rabbit.listener.SimpleMessageListenerContainer$AsyncMessageProcessingConsumer.initialize(SimpleMessageListenerContainer.java:1481) ~[spring-rabbit-3.2.5.jar:3.2.5]
	at org.springframework.amqp.rabbit.listener.SimpleMessageListenerContainer$AsyncMessageProcessingConsumer.run(SimpleMessageListenerContainer.java:1322) ~[spring-rabbit-3.2.5.jar:3.2.5]
	at java.base/java.lang.Thread.run(Thread.java:1474) ~[na:na]
Caused by: java.net.ConnectException: Connection refused: getsockopt
	at java.base/sun.nio.ch.Net.pollConnect(Native Method) ~[na:na]
	at java.base/sun.nio.ch.Net.pollConnectNow(Net.java:639) ~[na:na]
	at java.base/sun.nio.ch.NioSocketImpl.timedFinishConnect(NioSocketImpl.java:543) ~[na:na]
	at java.base/sun.nio.ch.NioSocketImpl.connect(NioSocketImpl.java:594) ~[na:na]
	at java.base/java.net.SocksSocketImpl.connect(SocksSocketImpl.java:284) ~[na:na]
	at java.base/java.net.Socket.connect(Socket.java:659) ~[na:na]
	at com.rabbitmq.client.impl.SocketFrameHandlerFactory.create(SocketFrameHandlerFactory.java:61) ~[amqp-client-5.25.0.jar:5.25.0]
	at com.rabbitmq.client.ConnectionFactory.newConnection(ConnectionFactory.java:1249) ~[amqp-client-5.25.0.jar:5.25.0]
	at com.rabbitmq.client.ConnectionFactory.newConnection(ConnectionFactory.java:1198) ~[amqp-client-5.25.0.jar:5.25.0]
	at org.springframework.amqp.rabbit.connection.AbstractConnectionFactory.connectAddresses(AbstractConnectionFactory.java:678) ~[spring-rabbit-3.2.5.jar:3.2.5]
	at org.springframework.amqp.rabbit.connection.AbstractConnectionFactory.connect(AbstractConnectionFactory.java:647) ~[spring-rabbit-3.2.5.jar:3.2.5]
	at org.springframework.amqp.rabbit.connection.AbstractConnectionFactory.createBareConnection(AbstractConnectionFactory.java:593) ~[spring-rabbit-3.2.5.jar:3.2.5]
	... 12 common frames omitted

[...]
	at org.springframework.amqp.rabbit.core.RabbitTemplate.send(RabbitTemplate.java:1135) ~[spring-rabbit-3.2.5.jar:3.2.5]
	at org.springframework.amqp.rabbit.core.RabbitTemplate.convertAndSend(RabbitTemplate.java:1201) ~[spring-rabbit-3.2.5.jar:3.2.5]
	at org.springframework.amqp.rabbit.core.RabbitTemplate.convertAndSend(RabbitTemplate.java:1194) ~[spring-rabbit-3.2.5.jar:3.2.5]
	at com.gradge.erp.common.event.EventPublisher.publishPosSaleCreated(EventPublisher.java:21) ~[classes/:na]
	at java.base/java.lang.invoke.MethodHandle.invokeWithArguments(MethodHandle.java:735) ~[na:na]
	at org.mockito.internal.util.reflection.InstrumentationMemberAccessor$Dispatcher$ByteBuddy$G0PHGggi.invokeWithArguments(Unknown Source) ~[na:na]
	at org.mockito.internal.util.reflection.InstrumentationMemberAccessor.invoke(InstrumentationMemberAccessor.java:265) ~[mockito-core-5.17.0.jar:na]
	at org.mockito.internal.util.reflection.ModuleMemberAccessor.invoke(ModuleMemberAccessor.java:55) ~[mockito-core-5.17.0.jar:na]
	at org.mockito.internal.creation.bytebuddy.MockMethodAdvice.tryInvoke(MockMethodAdvice.java:316) ~[mockito-core-5.17.0.jar:na]
	at org.mockito.internal.creation.bytebuddy.MockMethodAdvice$RealMethodCall.invoke(MockMethodAdvice.java:236) ~[mockito-core-5.17.0.jar:na]
	at org.mockito.internal.invocation.InterceptedInvocation.callRealMethod(InterceptedInvocation.java:142) ~[mockito-core-5.17.0.jar:na]
	at org.mockito.internal.stubbing.answers.CallsRealMethods.answer(CallsRealMethods.java:45) ~[mockito-core-5.17.0.jar:na]
	at org.mockito.Answers.answer(Answers.java:90) ~[mockito-core-5.17.0.jar:na]
	at org.mockito.internal.handler.MockHandlerImpl.handle(MockHandlerImpl.java:111) ~[mockito-core-5.17.0.jar:na]
	at org.mockito.internal.handler.NullResultGuardian.handle(NullResultGuardian.java:29) ~[mockito-core-5.17.0.jar:na]
	at org.mockito.internal.handler.InvocationNotifierHandler.handle(InvocationNotifierHandler.java:34) ~[mockito-core-5.17.0.jar:na]
	at org.mockito.internal.creation.bytebuddy.access.MockMethodInterceptor.doIntercept(MockMethodInterceptor.java:84) ~[mockito-core-5.17.0.jar:na]
	at org.mockito.internal.creation.bytebuddy.MockMethodAdvice.handle(MockMethodAdvice.java:136) ~[mockito-core-5.17.0.jar:na]
	at com.gradge.erp.common.event.EventPublisher.publishPosSaleCreated(EventPublisher.java:21) ~[classes/:na]
	at com.gradge.erp.pos.service.InvoiceService.confirmInvoice(InvoiceService.java:86) ~[classes/:na]
	at java.base/jdk.internal.reflect.DirectMethodHandleAccessor.invoke(DirectMethodHandleAccessor.java:104) ~[na:na]
	at java.base/java.lang.reflect.Method.invoke(Method.java:565) ~[na:na]
	at org.springframework.aop.support.AopUtils.invokeJoinpointUsingReflection(AopUtils.java:359) ~[spring-aop-6.2.7.jar:6.2.7]
	at org.springframework.aop.framework.ReflectiveMethodInvocation.invokeJoinpoint(ReflectiveMethodInvocation.java:196) ~[spring-aop-6.2.7.jar:6.2.7]
	at org.springframework.aop.framework.ReflectiveMethodInvocation.proceed(ReflectiveMethodInvocation.java:163) ~[spring-aop-6.2.7.jar:6.2.7]
	at org.springframework.transaction.interceptor.TransactionAspectSupport.invokeWithinTransaction(TransactionAspectSupport.java:380) ~[spring-tx-6.2.7.jar:6.2.7]
	at org.springframework.transaction.interceptor.TransactionInterceptor.invoke(TransactionInterceptor.java:119) ~[spring-tx-6.2.7.jar:6.2.7]
	at org.springframework.aop.framework.ReflectiveMethodInvocation.proceed(ReflectiveMethodInvocation.java:184) ~[spring-aop-6.2.7.jar:6.2.7]
	at org.springframework.aop.framework.CglibAopProxy$DynamicAdvisedInterceptor.intercept(CglibAopProxy.java:728) ~[spring-aop-6.2.7.jar:6.2.7]
	at com.gradge.erp.pos.service.InvoiceService$$SpringCGLIB$$0.confirmInvoice(<generated>) ~[classes/:na]
	at com.gradge.erp.tenant.BosEventAndOnboardingIntegrationTest.testPosSaleInvoiceEventTrigger(BosEventAndOnboardingIntegrationTest.java:243) ~[test-classes/:na]
	at java.base/jdk.internal.reflect.DirectMethodHandleAccessor.invoke(DirectMethodHandleAccessor.java:104) ~[na:na]
	at java.base/java.lang.reflect.Method.invoke(Method.java:565) ~[na:na]
	at org.junit.platform.commons.util.ReflectionUtils.invokeMethod(ReflectionUtils.java:775) ~[junit-platform-commons-1.12.2.jar:1.12.2]
	at org.junit.platform.commons.support.ReflectionSupport.invokeMethod(ReflectionSupport.java:479) ~[junit-platform-commons-1.12.2.jar:1.12.2]
	at org.junit.jupiter.engine.execution.MethodInvocation.proceed(MethodInvocation.java:60) ~[junit-jupiter-engine-5.12.2.jar:5.12.2]
	at org.junit.jupiter.engine.execution.InvocationInterceptorChain$ValidatingInvocation.proceed(InvocationInterceptorChain.java:131) ~[junit-jupiter-engine-5.12.2.jar:5.12.2]
	at org.junit.jupiter.engine.extension.TimeoutExtension.intercept(TimeoutExtension.java:161) ~[junit-jupiter-engine-5.12.2.jar:5.12.2]
	at org.junit.jupiter.engine.extension.TimeoutExtension.interceptTestableMethod(TimeoutExtension.java:152) ~[junit-jupiter-engine-5.12.2.jar:5.12.2]
	at org.junit.jupiter.engine.extension.TimeoutExtension.interceptTestMethod(TimeoutExtension.java:91) ~[junit-jupiter-engine-5.12.2.jar:5.12.2]
	at org.junit.jupiter.engine.execution.InterceptingExecutableInvoker$ReflectiveInterceptorCall.lambda$ofVoidMethod$0(InterceptingExecutableInvoker.java:112) ~[junit-jupiter-engine-5.12.2.jar:5.12.2]
	at org.junit.jupiter.engine.execution.InterceptingExecutableInvoker.lambda$invoke$0(InterceptingExecutableInvoker.java:94) ~[junit-jupiter-engine-5.12.2.jar:5.12.2]
	at org.junit.jupiter.engine.execution.InvocationInterceptorChain$InterceptedInvocation.proceed(InvocationInterceptorChain.java:106) ~[junit-jupiter-engine-5.12.2.jar:5.12.2]
	at org.junit.jupiter.engine.execution.InvocationInterceptorChain.proceed(InvocationInterceptorChain.java:64) ~[junit-jupiter-engine-5.12.2.jar:5.12.2]
	at org.junit.jupiter.engine.execution.InvocationInterceptorChain.chainAndInvoke(InvocationInterceptorChain.java:45) ~[junit-jupiter-engine-5.12.2.jar:5.12.2]
	at org.junit.jupiter.engine.execution.InvocationInterceptorChain.invoke(InvocationInterceptorChain.java:37) ~[junit-jupiter-engine-5.12.2.jar:5.12.2]
	at org.junit.jupiter.engine.execution.InterceptingExecutableInvoker.invoke(InterceptingExecutableInvoker.java:93) ~[junit-jupiter-engine-5.12.2.jar:5.12.2]
	at org.junit.jupiter.engine.execution.InterceptingExecutableInvoker.invoke(InterceptingExecutableInvoker.java:87) ~[junit-jupiter-engine-5.12.2.jar:5.12.2]
	at org.junit.jupiter.engine.descriptor.TestMethodTestDescriptor.lambda$invokeTestMethod$7(TestMethodTestDescriptor.java:216) ~[junit-jupiter-engine-5.12.2.jar:5.12.2]
	at org.junit.platform.engine.support.hierarchical.ThrowableCollector.execute(ThrowableCollector.java:73) ~[junit-platform-engine-1.12.2.jar:1.12.2]
	at org.junit.jupiter.engine.descriptor.TestMethodTestDescriptor.invokeTestMethod(TestMethodTestDescriptor.java:212) ~[junit-jupiter-engine-5.12.2.jar:5.12.2]
	at org.junit.jupiter.engine.descriptor.TestMethodTestDescriptor.execute(TestMethodTestDescriptor.java:137) ~[junit-jupiter-engine-5.12.2.jar:5.12.2]
	at org.junit.jupiter.engine.descriptor.TestMethodTestDescriptor.execute(TestMethodTestDescriptor.java:69) ~[junit-jupiter-engine-5.12.2.jar:5.12.2]
	at org.junit.platform.engine.support.hierarchical.NodeTestTask.lambda$executeRecursively$6(NodeTestTask.java:156) ~[junit-platform-engine-1.12.2.jar:1.12.2]
	at org.junit.platform.engine.support.hierarchical.ThrowableCollector.execute(ThrowableCollector.java:73) ~[junit-platform-engine-1.12.2.jar:1.12.2]
	at org.junit.platform.engine.support.hierarchical.NodeTestTask.lambda$executeRecursively$8(NodeTestTask.java:146) ~[junit-platform-engine-1.12.2.jar:1.12.2]
	at org.junit.platform.engine.support.hierarchical.Node.around(Node.java:137) ~[junit-platform-engine-1.12.2.jar:1.12.2]
	at org.junit.platform.engine.support.hierarchical.NodeTestTask.lambda$executeRecursively$9(NodeTestTask.java:144) ~[junit-platform-engine-1.12.2.jar:1.12.2]
	at org.junit.platform.engine.support.hierarchical.ThrowableCollector.execute(ThrowableCollector.java:73) ~[junit-platform-engine-1.12.2.jar:1.12.2]
	at org.junit.platform.engine.support.hierarchical.NodeTestTask.executeRecursively(NodeTestTask.java:143) ~[junit-platform-engine-1.12.2.jar:1.12.2]
	at org.junit.platform.engine.support.hierarchical.NodeTestTask.execute(NodeTestTask.java:100) ~[junit-platform-engine-1.12.2.jar:1.12.2]
	at java.base/java.util.ArrayList.forEach(ArrayList.java:1604) ~[na:na]
	at org.junit.platform.engine.support.hierarchical.SameThreadHierarchicalTestExecutorService.invokeAll(SameThreadHierarchicalTestExecutorService.java:41) ~[junit-platform-engine-1.12.2.jar:1.12.2]
	at org.junit.platform.engine.support.hierarchical.NodeTestTask.lambda$executeRecursively$6(NodeTestTask.java:160) ~[junit-platform-engine-1.12.2.jar:1.12.2]
	at org.junit.platform.engine.support.hierarchical.ThrowableCollector.execute(ThrowableCollector.java:73) ~[junit-platform-engine-1.12.2.jar:1.12.2]
	at org.junit.platform.engine.support.hierarchical.NodeTestTask.lambda$executeRecursively$8(NodeTestTask.java:146) ~[junit-platform-engine-1.12.2.jar:1.12.2]
	at org.junit.platform.engine.support.hierarchical.Node.around(Node.java:137) ~[junit-platform-engine-1.12.2.jar:1.12.2]
	at org.junit.platform.engine.support.hierarchical.NodeTestTask.lambda$executeRecursively$9(NodeTestTask.java:144) ~[junit-platform-engine-1.12.2.jar:1.12.2]
	at org.junit.platform.engine.support.hierarchical.ThrowableCollector.execute(ThrowableCollector.java:73) ~[junit-platform-engine-1.12.2.jar:1.12.2]
	at org.junit.platform.engine.support.hierarchical.NodeTestTask.executeRecursively(NodeTestTask.java:143) ~[junit-platform-engine-1.12.2.jar:1.12.2]
	at org.junit.platform.engine.support.hierarchical.NodeTestTask.execute(NodeTestTask.java:100) ~[junit-platform-engine-1.12.2.jar:1.12.2]
	at java.base/java.util.ArrayList.forEach(ArrayList.java:1604) ~[na:na]
	at org.junit.platform.engine.support.hierarchical.SameThreadHierarchicalTestExecutorService.invokeAll(SameThreadHierarchicalTestExecutorService.java:41) ~[junit-platform-engine-1.12.2.jar:1.12.2]
	at org.junit.platform.engine.support.hierarchical.NodeTestTask.lambda$executeRecursively$6(NodeTestTask.java:160) ~[junit-platform-engine-1.12.2.jar:1.12.2]
	at org.junit.platform.engine.support.hierarchical.ThrowableCollector.execute(ThrowableCollector.java:73) ~[junit-platform-engine-1.12.2.jar:1.12.2]
	at org.junit.platform.engine.support.hierarchical.NodeTestTask.lambda$executeRecursively$8(NodeTestTask.java:146) ~[junit-platform-engine-1.12.2.jar:1.12.2]
	at org.junit.platform.engine.support.hierarchical.Node.around(Node.java:137) ~[junit-platform-engine-1.12.2.jar:1.12.2]
	at org.junit.platform.engine.support.hierarchical.NodeTestTask.lambda$executeRecursively$9(NodeTestTask.java:144) ~[junit-platform-engine-1.12.2.jar:1.12.2]
	at org.junit.platform.engine.support.hierarchical.ThrowableCollector.execute(ThrowableCollector.java:73) ~[junit-platform-engine-1.12.2.jar:1.12.2]
	at org.junit.platform.engine.support.hierarchical.NodeTestTask.executeRecursively(NodeTestTask.java:143) ~[junit-platform-engine-1.12.2.jar:1.12.2]
	at org.junit.platform.engine.support.hierarchical.NodeTestTask.execute(NodeTestTask.java:100) ~[junit-platform-engine-1.12.2.jar:1.12.2]
	at org.junit.platform.engine.support.hierarchical.SameThreadHierarchicalTestExecutorService.submit(SameThreadHierarchicalTestExecutorService.java:35) ~[junit-platform-engine-1.12.2.jar:1.12.2]
	at org.junit.platform.engine.support.hierarchical.HierarchicalTestExecutor.execute(HierarchicalTestExecutor.java:57) ~[junit-platform-engine-1.12.2.jar:1.12.2]
	at org.junit.platform.engine.support.hierarchical.HierarchicalTestEngine.execute(HierarchicalTestEngine.java:54) ~[junit-platform-engine-1.12.2.jar:1.12.2]
	at org.junit.platform.launcher.core.EngineExecutionOrchestrator.execute(EngineExecutionOrchestrator.java:201) ~[junit-platform-launcher-1.12.2.jar:1.12.2]
	at org.junit.platform.launcher.core.EngineExecutionOrchestrator.execute(EngineExecutionOrchestrator.java:170) ~[junit-platform-launcher-1.12.2.jar:1.12.2]
	at org.junit.platform.launcher.core.EngineExecutionOrchestrator.execute(EngineExecutionOrchestrator.java:94) ~[junit-platform-launcher-1.12.2.jar:1.12.2]
	at org.junit.platform.launcher.core.EngineExecutionOrchestrator.lambda$execute$0(EngineExecutionOrchestrator.java:59) ~[junit-platform-launcher-1.12.2.jar:1.12.2]
	at org.junit.platform.launcher.core.EngineExecutionOrchestrator.withInterceptedStreams(EngineExecutionOrchestrator.java:142) ~[junit-platform-launcher-1.12.2.jar:1.12.2]
	at org.junit.platform.launcher.core.EngineExecutionOrchestrator.execute(EngineExecutionOrchestrator.java:58) ~[junit-platform-launcher-1.12.2.jar:1.12.2]
	at org.junit.platform.launcher.core.DefaultLauncher.execute(DefaultLauncher.java:103) ~[junit-platform-launcher-1.12.2.jar:1.12.2]
	at org.junit.platform.launcher.core.DefaultLauncher.execute(DefaultLauncher.java:85) ~[junit-platform-launcher-1.12.2.jar:1.12.2]
	at org.junit.platform.launcher.core.DelegatingLauncher.execute(DelegatingLauncher.java:47) ~[junit-platform-launcher-1.12.2.jar:1.12.2]
	at org.junit.platform.launcher.core.InterceptingLauncher.lambda$execute$1(InterceptingLauncher.java:39) ~[junit-platform-launcher-1.12.2.jar:1.12.2]
	at org.junit.platform.launcher.core.ClasspathAlignmentCheckingLauncherInterceptor.intercept(ClasspathAlignmentCheckingLauncherInterceptor.java:25) ~[junit-platform-launcher-1.12.2.jar:1.12.2]
	at org.junit.platform.launcher.core.InterceptingLauncher.execute(InterceptingLauncher.java:38) ~[junit-platform-launcher-1.12.2.jar:1.12.2]
	at org.junit.platform.launcher.core.DelegatingLauncher.execute(DelegatingLauncher.java:47) ~[junit-platform-launcher-1.12.2.jar:1.12.2]
	at org.apache.maven.surefire.junitplatform.LauncherAdapter.executeWithoutCancellationToken(LauncherAdapter.java:60) ~[surefire-junit-platform-3.5.4.jar:3.5.4]
	at org.apache.maven.surefire.junitplatform.LauncherAdapter.execute(LauncherAdapter.java:52) ~[surefire-junit-platform-3.5.4.jar:3.5.4]
	at org.apache.maven.surefire.junitplatform.JUnitPlatformProvider.execute(JUnitPlatformProvider.java:203) ~[surefire-junit-platform-3.5.4.jar:3.5.4]
	at org.apache.maven.surefire.junitplatform.JUnitPlatformProvider.invokeAllTests(JUnitPlatformProvider.java:168) ~[surefire-junit-platform-3.5.4.jar:3.5.4]
	at org.apache.maven.surefire.junitplatform.JUnitPlatformProvider.invoke(JUnitPlatformProvider.java:136) ~[surefire-junit-platform-3.5.4.jar:3.5.4]
	at org.apache.maven.surefire.booter.ForkedBooter.runSuitesInProcess(ForkedBooter.java:385) ~[surefire-booter-3.5.4.jar:3.5.4]
	at org.apache.maven.surefire.booter.ForkedBooter.execute(ForkedBooter.java:162) ~[surefire-booter-3.5.4.jar:3.5.4]
	at org.apache.maven.surefire.booter.ForkedBooter.run(ForkedBooter.java:507) ~[surefire-booter-3.5.4.jar:3.5.4]
	at org.apache.maven.surefire.booter.ForkedBooter.main(ForkedBooter.java:495) ~[surefire-booter-3.5.4.jar:3.5.4]
Caused by: java.net.ConnectException: Connection refused: getsockopt
	at java.base/sun.nio.ch.Net.pollConnect(Native Method) ~[na:na]
	at java.base/sun.nio.ch.Net.pollConnectNow(Net.java:639) ~[na:na]
	at java.base/sun.nio.ch.NioSocketImpl.timedFinishConnect(NioSocketImpl.java:543) ~[na:na]
	at java.base/sun.nio.ch.NioSocketImpl.connect(NioSocketImpl.java:594) ~[na:na]
	at java.base/java.net.SocksSocketImpl.connect(SocksSocketImpl.java:284) ~[na:na]
	at java.base/java.net.Socket.connect(Socket.java:659) ~[na:na]
	at com.rabbitmq.client.impl.SocketFrameHandlerFactory.create(SocketFrameHandlerFactory.java:61) ~[amqp-client-5.25.0.jar:5.25.0]
	at com.rabbitmq.client.ConnectionFactory.newConnection(ConnectionFactory.java:1249) ~[amqp-client-5.25.0.jar:5.25.0]
	at com.rabbitmq.client.ConnectionFactory.newConnection(ConnectionFactory.java:1198) ~[amqp-client-5.25.0.jar:5.25.0]
	at org.springframework.amqp.rabbit.connection.AbstractConnectionFactory.connectAddresses(AbstractConnectionFactory.java:678) ~[spring-rabbit-3.2.5.jar:3.2.5]
	at org.springframework.amqp.rabbit.connection.AbstractConnectionFactory.connect(AbstractConnectionFactory.java:647) ~[spring-rabbit-3.2.5.jar:3.2.5]
	at org.springframework.amqp.rabbit.connection.AbstractConnectionFactory.createBareConnection(AbstractConnectionFactory.java:593) ~[spring-rabbit-3.2.5.jar:3.2.5]
	... 110 common frames omitted

2026-06-23T12:24:04.368+05:30  INFO 17764 --- [           main] c.gradge.erp.pos.service.InvoiceService  : POS_SALE_CREATED event queued for invoice INV-2026-TEST
Hibernate: update invoices set balance=?,created_by=?,customer_id=?,is_deleted=?,discount=?,invoice_number=?,job_card_id=?,paid_amount=?,status=?,sub_total=?,tax=?,total=?,updated_at=?,updated_by=?,version=? where id=? and version=?
2026-06-23T12:24:04.382+05:30  INFO 17764 --- [ntContainer#1-2] o.s.a.r.l.SimpleMessageListenerContainer : Waiting for workers to finish.
2026-06-23T12:24:04.383+05:30  INFO 17764 --- [ntContainer#1-2] o.s.a.r.l.SimpleMessageListenerContainer : Successfully waited for workers to finish.
2026-06-23T12:24:04.383+05:30  INFO 17764 --- [ntContainer#0-2] o.s.a.r.l.SimpleMessageListenerContainer : Waiting for workers to finish.
2026-06-23T12:24:04.383+05:30  INFO 17764 --- [ntContainer#0-2] o.s.a.r.l.SimpleMessageListenerContainer : Successfully waited for workers to finish.
2026-06-23T12:24:04.383+05:30  INFO 17764 --- [           main] o.s.m.s.b.SimpleBrokerMessageHandler     : Stopping...
2026-06-23T12:24:04.383+05:30  INFO 17764 --- [           main] o.s.m.s.b.SimpleBrokerMessageHandler     : BrokerAvailabilityEvent[available=false, SimpleBrokerMessageHandler [org.springframework.messaging.simp.broker.DefaultSubscriptionRegistry@4f4f7652]]
2026-06-23T12:24:04.383+05:30  INFO 17764 --- [           main] o.s.m.s.b.SimpleBrokerMessageHandler     : Stopped.
2026-06-23T12:24:04.386+05:30  INFO 17764 --- [           main] j.LocalContainerEntityManagerFactoryBean : Closing JPA EntityManagerFactory for persistence unit 'default'
Hibernate: drop table if exists accounts cascade 
Hibernate: drop table if exists audit_logs cascade 
Hibernate: drop table if exists billing_records cascade 
Hibernate: drop table if exists categories cascade 
Hibernate: drop table if exists customers cascade 
Hibernate: drop table if exists employees cascade 
Hibernate: drop table if exists expenses cascade 
Hibernate: drop table if exists file_objects cascade 
Hibernate: drop table if exists goods_received_notes cascade 
Hibernate: drop table if exists incomes cascade 
Hibernate: drop table if exists inspection_items cascade 
Hibernate: drop table if exists inspections cascade 
Hibernate: drop table if exists invoice_items cascade 
Hibernate: drop table if exists invoices cascade 
Hibernate: drop table if exists job_cards cascade 
Hibernate: drop table if exists journal_entries cascade 
Hibernate: drop table if exists payments cascade 
Hibernate: drop table if exists products cascade 
Hibernate: drop table if exists purchase_order_items cascade 
Hibernate: drop table if exists purchase_orders cascade 
Hibernate: drop table if exists refresh_tokens cascade 
Hibernate: drop table if exists stock cascade 
Hibernate: drop table if exists stock_movements cascade 
Hibernate: drop table if exists suppliers cascade 
Hibernate: drop table if exists tenant_modules cascade 
Hibernate: drop table if exists tenant_subscriptions cascade 
Hibernate: drop table if exists tenants cascade 
Hibernate: drop table if exists transaction_lines cascade 
Hibernate: drop table if exists users cascade 
Hibernate: drop table if exists vehicles cascade 
2026-06-23T12:24:04.395+05:30  INFO 17764 --- [           main] com.zaxxer.hikari.HikariDataSource       : HikariPool-2 - Shutdown initiated...
2026-06-23T12:24:04.396+05:30  INFO 17764 --- [           main] com.zaxxer.hikari.HikariDataSource       : HikariPool-2 - Shutdown completed.
]]></system-out>
  </testcase>
</testsuite>